SF:/Users/maartene/Developer/Swift Programming/DCJam2025/.build/arm64-apple-macosx/debug/DCJam2025.build/DerivedSources/resource_bundle_accessor.swift
FN:4,$sSo8NSBundleC9DCJam2025E6moduleABvpZfiAByXEfU_
FN:12,$sSo8NSBundleC9DCJam2025E6moduleABvpZfiAByXEfU_SSyXEfu0_
FN:10,$sSo8NSBundleC9DCJam2025E6moduleABvpZfiAByXEfU_ABSgyKXEfu_
FNDA:0,$sSo8NSBundleC9DCJam2025E6moduleABvpZfiAByXEfU_
FNDA:0,$sSo8NSBundleC9DCJam2025E6moduleABvpZfiAByXEfU_SSyXEfu0_
FNDA:0,$sSo8NSBundleC9DCJam2025E6moduleABvpZfiAByXEfU_ABSgyKXEfu_
FNF:3
FNH:0
DA:4,0
DA:5,0
DA:6,0
DA:7,0
DA:8,0
DA:9,0
DA:10,0
DA:11,0
DA:12,0
DA:13,0
DA:14,0
DA:15,0
DA:16,0
BRF:0
BRH:0
LF:15
LH:0
end_of_record
SF:/Users/maartene/Developer/Swift Programming/DCJam2025/.build/arm64-apple-macosx/debug/DCJam2025PackageTests.derived/runner.swift
FN:510,$s21DCJam2025PackageTests6RunnerV14testingLibrary33_0559F845E5F1887171DEF27794F5C269LLSSyFZ
FN:527,$s21DCJam2025PackageTests6RunnerV4mainyyYaFZ
FNDA:1,$s21DCJam2025PackageTests6RunnerV14testingLibrary33_0559F845E5F1887171DEF27794F5C269LLSSyFZ
FNDA:1,$s21DCJam2025PackageTests6RunnerV4mainyyYaFZ
FNF:2
FNH:2
DA:510,1
DA:511,1
DA:512,6
DA:513,6
DA:514,1
DA:515,5
DA:516,5
DA:517,0
DA:518,0
DA:519,0
DA:520,1
DA:527,1
DA:528,1
DA:530,1
DA:536,1
DA:538,1
DA:546,1
BRF:0
BRH:0
LF:17
LH:14
end_of_record
SF:/Users/maartene/Developer/Swift Programming/DCJam2025/Sources/DCJam2025/Presentation/Conversions.swift
FN:11,$s9DCJam20256target4from7heading5Model10CoordinateVAG_AE16CompassDirectionOtF
FN:16,$s5Model10CoordinateV9DCJam2025E9toVector3So0E0Vvg
FN:22,$sSo5ColorV9DCJam2025E1moiyA2B_SftFZ
FN:33,$s9DCJam2025029getSpriteAndPositionForTileAtE0_2on7offsetX0J1YAA10Drawable2DV5Model10CoordinateV_AH5FloorVs5Int32VANtF
FN:46,$s9DCJam2025029getSpriteAndPositionForTileAtE0_2on7offsetX0J1YAA10Drawable2DV5Model10CoordinateV_AH5FloorVs5Int32VANtFSSyXEfu_
FN:54,$s9DCJam2025031getSpriteAndPositionForEntityAtE0_7heading2on7offsetX0K1YSS10spriteName_So7Vector2V8positiont5Model10CoordinateV_AK16CompassDirectionOAK5FloorVs5Int32VAStF
FN:72,$s9DCJam202510hpBarColor9currentHP03maxF0So0D0VSi_SitF
FN:88,$s9DCJam202510Drawable3DV8makeWall8positionAC5Model10CoordinateV_tFZ
FN:92,$s9DCJam202510Drawable3DV9makeFloor8positionAC5Model10CoordinateV_tFZ
FN:96,$s9DCJam202510Drawable3DV11makeCeiling8positionAC5Model10CoordinateV_tFZ
FN:100,$s9DCJam202510Drawable3DV12makeStairsUp8positionAC5Model10CoordinateV_tFZ
FN:104,$s9DCJam202510Drawable3DV14makeStairsDown8positionAC5Model10CoordinateV_tFZ
FN:108,$s9DCJam202510Drawable3DV10makeTarget8positionAC5Model10CoordinateV_tFZ
FN:112,$s9DCJam202510Drawable3DV10makeEntityyAC5Model5EnemyCFZ
FN:117,$s9DCJam202516floorToDrawablesySayAA10Drawable3DVG5Model5FloorVF
FN:148,$s9DCJam202510Drawable2DV9makeParty_7offsetX0E1YAC5Model5WorldC_s5Int32VAKtFZ
FN:158,$s9DCJam202510Drawable2DV9makeEnemy5enemy2on7offsetX0G1YAC5Model0D0C_AI5FloorVs5Int32VAOtFZ
FN:165,$s9DCJam20257minimap3for0B6OffsetSayAA10Drawable2DVG5Model5WorldC_s5Int32VtF
FN:167,$s9DCJam20257minimap3for0B6OffsetSayAA10Drawable2DVG5Model5WorldC_s5Int32VtFAfH10CoordinateVXEfU_
FN:175,$s9DCJam20257minimap3for0B6OffsetSayAA10Drawable2DVG5Model5WorldC_s5Int32VtFSbAH5EnemyCXEfU0_
FN:176,$s9DCJam20257minimap3for0B6OffsetSayAA10Drawable2DVG5Model5WorldC_s5Int32VtFAfH5EnemyCXEfU1_
FN:184,$s5Model16CompassDirectionO9DCJam2025E8rotationSfvg
FNDA:20,$s9DCJam20256target4from7heading5Model10CoordinateVAG_AE16CompassDirectionOtF
FNDA:79,$s5Model10CoordinateV9DCJam2025E9toVector3So0E0Vvg
FNDA:13,$sSo5ColorV9DCJam2025E1moiyA2B_SftFZ
FNDA:12,$s9DCJam2025029getSpriteAndPositionForTileAtE0_2on7offsetX0J1YAA10Drawable2DV5Model10CoordinateV_AH5FloorVs5Int32VANtF
FNDA:7,$s9DCJam2025029getSpriteAndPositionForTileAtE0_2on7offsetX0J1YAA10Drawable2DV5Model10CoordinateV_AH5FloorVs5Int32VANtFSSyXEfu_
FNDA:6,$s9DCJam2025031getSpriteAndPositionForEntityAtE0_7heading2on7offsetX0K1YSS10spriteName_So7Vector2V8positiont5Model10CoordinateV_AK16CompassDirectionOAK5FloorVs5Int32VAStF
FNDA:10,$s9DCJam202510hpBarColor9currentHP03maxF0So0D0VSi_SitF
FNDA:6,$s9DCJam202510Drawable3DV8makeWall8positionAC5Model10CoordinateV_tFZ
FNDA:4,$s9DCJam202510Drawable3DV9makeFloor8positionAC5Model10CoordinateV_tFZ
FNDA:5,$s9DCJam202510Drawable3DV11makeCeiling8positionAC5Model10CoordinateV_tFZ
FNDA:1,$s9DCJam202510Drawable3DV12makeStairsUp8positionAC5Model10CoordinateV_tFZ
FNDA:1,$s9DCJam202510Drawable3DV14makeStairsDown8positionAC5Model10CoordinateV_tFZ
FNDA:1,$s9DCJam202510Drawable3DV10makeTarget8positionAC5Model10CoordinateV_tFZ
FNDA:1,$s9DCJam202510Drawable3DV10makeEntityyAC5Model5EnemyCFZ
FNDA:1,$s9DCJam202516floorToDrawablesySayAA10Drawable3DVG5Model5FloorVF
FNDA:1,$s9DCJam202510Drawable2DV9makeParty_7offsetX0E1YAC5Model5WorldC_s5Int32VAKtFZ
FNDA:1,$s9DCJam202510Drawable2DV9makeEnemy5enemy2on7offsetX0G1YAC5Model0D0C_AI5FloorVs5Int32VAOtFZ
FNDA:1,$s9DCJam20257minimap3for0B6OffsetSayAA10Drawable2DVG5Model5WorldC_s5Int32VtF
FNDA:9,$s9DCJam20257minimap3for0B6OffsetSayAA10Drawable2DVG5Model5WorldC_s5Int32VtFAfH10CoordinateVXEfU_
FNDA:1,$s9DCJam20257minimap3for0B6OffsetSayAA10Drawable2DVG5Model5WorldC_s5Int32VtFSbAH5EnemyCXEfU0_
FNDA:1,$s9DCJam20257minimap3for0B6OffsetSayAA10Drawable2DVG5Model5WorldC_s5Int32VtFAfH5EnemyCXEfU1_
FNDA:1,$s5Model16CompassDirectionO9DCJam2025E8rotationSfvg
FNF:22
FNH:22
DA:11,20
DA:12,20
DA:13,20
DA:16,79
DA:17,79
DA:18,79
DA:22,13
DA:23,13
DA:24,13
DA:25,13
DA:26,13
DA:27,13
DA:28,13
DA:33,12
DA:34,12
DA:35,12
DA:36,12
DA:37,12
DA:38,12
DA:39,12
DA:40,12
DA:41,12
DA:42,12
DA:43,12
DA:44,12
DA:45,12
DA:46,12
DA:47,12
DA:48,12
DA:49,12
DA:54,6
DA:55,6
DA:56,6
DA:57,6
DA:58,6
DA:59,6
DA:60,6
DA:61,6
DA:62,6
DA:63,6
DA:64,6
DA:65,6
DA:66,6
DA:67,6
DA:68,6
DA:69,6
DA:70,6
DA:72,10
DA:73,10
DA:74,10
DA:75,10
DA:76,10
DA:77,10
DA:78,10
DA:88,6
DA:89,6
DA:90,6
DA:92,4
DA:93,4
DA:94,4
DA:96,5
DA:97,5
DA:98,5
DA:100,1
DA:101,1
DA:102,1
DA:104,1
DA:105,1
DA:106,1
DA:108,1
DA:109,1
DA:110,1
DA:112,1
DA:113,1
DA:114,1
DA:117,1
DA:118,1
DA:119,3
DA:120,12
DA:121,12
DA:122,12
DA:123,12
DA:124,3
DA:125,3
DA:126,12
DA:127,6
DA:128,12
DA:129,1
DA:130,12
DA:131,1
DA:132,1
DA:133,12
DA:134,1
DA:135,1
DA:136,1
DA:137,12
DA:138,12
DA:139,3
DA:140,1
DA:141,1
DA:148,1
DA:149,1
DA:150,1
DA:151,1
DA:152,1
DA:153,1
DA:154,1
DA:155,1
DA:156,1
DA:158,1
DA:159,1
DA:160,1
DA:161,1
DA:162,1
DA:165,1
DA:166,1
DA:167,9
DA:168,9
DA:169,9
DA:170,9
DA:171,1
DA:172,1
DA:173,1
DA:174,1
DA:175,1
DA:176,1
DA:177,1
DA:178,1
DA:179,1
DA:180,1
DA:181,1
DA:184,1
DA:185,1
DA:186,1
DA:187,0
DA:188,1
DA:189,0
DA:190,1
DA:191,0
DA:192,1
DA:193,1
DA:194,1
DA:195,1
BRF:0
BRH:0
LF:150
LH:147
end_of_record
SF:/Users/maartene/Developer/Swift Programming/DCJam2025/Sources/DCJam2025/Presentation/GUI.swift
FN:16,$s9DCJam20253GUIV9drawPartyyyF
FN:25,$s9DCJam20253GUIV15drawPartyMember33_D0C1561A8702694ABC208A2A3A7BDFE5LL_8positiony5Model06SingleD8PositionO_So7Vector2VtF
FN:51,$s9DCJam20253GUIV19drawAttackButtonFor33_D0C1561A8702694ABC208A2A3A7BDFE5LL_4hand8position4sizey5Model19SinglePartyPositionO_AI0T6MemberC4HandOSo7Vector2VAQtF
FN:72,$s9DCJam20253GUIV9drawHPBar33_D0C1561A8702694ABC208A2A3A7BDFE5LL9currentHP03maxN08positionySi_SiSo7Vector2VtF
FNDA:0,$s9DCJam20253GUIV9drawPartyyyF
FNDA:0,$s9DCJam20253GUIV15drawPartyMember33_D0C1561A8702694ABC208A2A3A7BDFE5LL_8positiony5Model06SingleD8PositionO_So7Vector2VtF
FNDA:0,$s9DCJam20253GUIV19drawAttackButtonFor33_D0C1561A8702694ABC208A2A3A7BDFE5LL_4hand8position4sizey5Model19SinglePartyPositionO_AI0T6MemberC4HandOSo7Vector2VAQtF
FNDA:0,$s9DCJam20253GUIV9drawHPBar33_D0C1561A8702694ABC208A2A3A7BDFE5LL9currentHP03maxN08positionySi_SiSo7Vector2VtF
FNF:4
FNH:0
DA:16,0
DA:17,0
DA:18,0
DA:19,0
DA:20,0
DA:21,0
DA:22,0
DA:23,0
DA:25,0
DA:26,0
DA:27,0
DA:28,0
DA:29,0
DA:30,0
DA:31,0
DA:32,0
DA:33,0
DA:34,0
DA:35,0
DA:36,0
DA:37,0
DA:38,0
DA:39,0
DA:40,0
DA:41,0
DA:42,0
DA:43,0
DA:44,0
DA:45,0
DA:46,0
DA:47,0
DA:48,0
DA:49,0
DA:51,0
DA:52,0
DA:53,0
DA:54,0
DA:55,0
DA:56,0
DA:57,0
DA:58,0
DA:59,0
DA:60,0
DA:61,0
DA:62,0
DA:63,0
DA:64,0
DA:65,0
DA:66,0
DA:67,0
DA:68,0
DA:69,0
DA:70,0
DA:72,0
DA:73,0
DA:74,0
DA:75,0
DA:76,0
DA:77,0
DA:78,0
DA:79,0
DA:80,0
DA:81,0
DA:82,0
DA:83,0
DA:84,0
DA:85,0
DA:86,0
BRF:0
BRH:0
LF:68
LH:0
end_of_record
SF:/Users/maartene/Developer/Swift Programming/DCJam2025/Sources/DCJam2025/Presentation/Game.swift
FN:13,$s9DCJam20254GameC11screenWidths5Int32Vvpfi
FN:14,$s9DCJam20254GameC12screenHeights5Int32Vvpfi
FN:15,$s9DCJam20254GameC6offsetSfvpfi
FN:17,$s9DCJam20254GameC6cameraSo8Camera3DVvpfi
FN:19,$s9DCJam20254GameC7spritesSDySSSo7TextureVGvpfi
FN:20,$s9DCJam20254GameC6modelsSDySSSo5ModelVGvpfi
FN:25,$s9DCJam20254GameC8rlHelperAA011RayLibStateD0Cvpfi
FN:27,$s9DCJam20254GameC5world5Model5WorldCvpfi
FN:66,$s9DCJam20254GameC3runyyF
FN:82,$s9DCJam20254GameC10makeCamera33_0C559FABC338E68666BE10119E9759CFLLSo8Camera3DVyFZ
FN:90,$s9DCJam20254GameC6update33_0C559FABC338E68666BE10119E9759CFLLyyF
FN:97,$s9DCJam20254GameC15processKeyInput33_0C559FABC338E68666BE10119E9759CFLLyyF
FN:99,$s9DCJam20254GameC15processKeyInput33_0C559FABC338E68666BE10119E9759CFLLyyFyycfU_
FN:100,$s9DCJam20254GameC15processKeyInput33_0C559FABC338E68666BE10119E9759CFLLyyFyycfU0_
FN:101,$s9DCJam20254GameC15processKeyInput33_0C559FABC338E68666BE10119E9759CFLLyyFyycfU1_
FN:102,$s9DCJam20254GameC15processKeyInput33_0C559FABC338E68666BE10119E9759CFLLyyFyycfU2_
FN:103,$s9DCJam20254GameC15processKeyInput33_0C559FABC338E68666BE10119E9759CFLLyyFyycfU3_
FN:104,$s9DCJam20254GameC15processKeyInput33_0C559FABC338E68666BE10119E9759CFLLyyFyycfU4_
FN:114,$s9DCJam20254GameC12updateCamera33_0C559FABC338E68666BE10119E9759CFLLyyF
FN:124,$s9DCJam20254GameC12updateLights33_0C559FABC338E68666BE10119E9759CFLLyyF
FN:131,$s9DCJam20254GameC04drawB4View33_0C559FABC338E68666BE10119E9759CFLLyyF
FN:132,$s9DCJam20254GameC04drawB4View33_0C559FABC338E68666BE10119E9759CFLLyyFyyXEfU_
FN:144,$s9DCJam20254GameC6draw3D33_0C559FABC338E68666BE10119E9759CFLLyyF
FN:148,$s9DCJam20254GameC6draw3D33_0C559FABC338E68666BE10119E9759CFLLyyFSb5Model5EnemyCXEfU_
FN:149,$s9DCJam20254GameC6draw3D33_0C559FABC338E68666BE10119E9759CFLLyyFAA10Drawable3DV5Model5EnemyCXEfU0_
FN:153,$s9DCJam20254GameC6draw3D33_0C559FABC338E68666BE10119E9759CFLLyyFyyXEfU1_
FN:154,$s9DCJam20254GameC6draw3D33_0C559FABC338E68666BE10119E9759CFLLyyFyyXEfU1_yyXEfU_
FN:155,$s9DCJam20254GameC6draw3D33_0C559FABC338E68666BE10119E9759CFLLyyFyyXEfU1_yyXEfU_yAA10Drawable3DVcACYbcfu_
FN:155,$s9DCJam20254GameC6draw3D33_0C559FABC338E68666BE10119E9759CFLLyyFyyXEfU1_yyXEfU_yAA10Drawable3DVcACYbcfu_yAGcfu0_
FN:160,$s9DCJam20254GameC4draw33_0C559FABC338E68666BE10119E9759CFLLyyAA10Drawable3DVF
FN:173,$s9DCJam20254GameC11drawMinimap33_0C559FABC338E68666BE10119E9759CFLL5worldy5Model5WorldC_tF
FN:175,$s9DCJam20254GameC11drawMinimap33_0C559FABC338E68666BE10119E9759CFLL5worldy5Model5WorldC_tFyAA10Drawable2DVXEfU_
FN:178,$s9DCJam20254GameC4draw33_0C559FABC338E68666BE10119E9759CFLLyyAA10Drawable2DVF
FN:185,$s9DCJam20254GameC10loadShader33_0C559FABC338E68666BE10119E9759CFLLSo0D0VyF
FN:188,$s9DCJam20254GameC10loadShader33_0C559FABC338E68666BE10119E9759CFLLSo0D0VyFSSyXEfu_
FN:193,$s9DCJam20254GameC10loadShader33_0C559FABC338E68666BE10119E9759CFLLSo0D0VyFSSyXEfu0_
FN:205,$s9DCJam20254GameC10loadImages33_0C559FABC338E68666BE10119E9759CFLLyyF
FN:223,$s9DCJam20254GameC10loadImages33_0C559FABC338E68666BE10119E9759CFLLyyFySSXEfU_
FN:225,$s9DCJam20254GameC10loadImages33_0C559FABC338E68666BE10119E9759CFLLyyFySSXEfU_SSyXEfu_
FN:232,$s9DCJam20254GameC10loadModels33_0C559FABC338E68666BE10119E9759CFLLyyF
FN:242,$s9DCJam20254GameC10loadModels33_0C559FABC338E68666BE10119E9759CFLLyyFySSXEfU_
FN:247,$s9DCJam20254GameC9loadModel33_0C559FABC338E68666BE10119E9759CFLL_13withExtensionSo0D0VSS_SStF
FN:254,$s9DCJam20254GameC9loadModel33_0C559FABC338E68666BE10119E9759CFLL_13withExtensionSo0D0VSS_SStFSSyXEfu_
FN:258,$s9DCJam20254GameC9loadModel33_0C559FABC338E68666BE10119E9759CFLL_13withExtensionSo0D0VSS_SStFSiyXEfu0_
FNDA:0,$s9DCJam20254GameC11screenWidths5Int32Vvpfi
FNDA:0,$s9DCJam20254GameC12screenHeights5Int32Vvpfi
FNDA:0,$s9DCJam20254GameC6offsetSfvpfi
FNDA:0,$s9DCJam20254GameC6cameraSo8Camera3DVvpfi
FNDA:0,$s9DCJam20254GameC7spritesSDySSSo7TextureVGvpfi
FNDA:0,$s9DCJam20254GameC6modelsSDySSSo5ModelVGvpfi
FNDA:0,$s9DCJam20254GameC8rlHelperAA011RayLibStateD0Cvpfi
FNDA:0,$s9DCJam20254GameC5world5Model5WorldCvpfi
FNDA:0,$s9DCJam20254GameC3runyyF
FNDA:0,$s9DCJam20254GameC10makeCamera33_0C559FABC338E68666BE10119E9759CFLLSo8Camera3DVyFZ
FNDA:0,$s9DCJam20254GameC6update33_0C559FABC338E68666BE10119E9759CFLLyyF
FNDA:0,$s9DCJam20254GameC15processKeyInput33_0C559FABC338E68666BE10119E9759CFLLyyF
FNDA:0,$s9DCJam20254GameC15processKeyInput33_0C559FABC338E68666BE10119E9759CFLLyyFyycfU_
FNDA:0,$s9DCJam20254GameC15processKeyInput33_0C559FABC338E68666BE10119E9759CFLLyyFyycfU0_
FNDA:0,$s9DCJam20254GameC15processKeyInput33_0C559FABC338E68666BE10119E9759CFLLyyFyycfU1_
FNDA:0,$s9DCJam20254GameC15processKeyInput33_0C559FABC338E68666BE10119E9759CFLLyyFyycfU2_
FNDA:0,$s9DCJam20254GameC15processKeyInput33_0C559FABC338E68666BE10119E9759CFLLyyFyycfU3_
FNDA:0,$s9DCJam20254GameC15processKeyInput33_0C559FABC338E68666BE10119E9759CFLLyyFyycfU4_
FNDA:0,$s9DCJam20254GameC12updateCamera33_0C559FABC338E68666BE10119E9759CFLLyyF
FNDA:0,$s9DCJam20254GameC12updateLights33_0C559FABC338E68666BE10119E9759CFLLyyF
FNDA:0,$s9DCJam20254GameC04drawB4View33_0C559FABC338E68666BE10119E9759CFLLyyF
FNDA:0,$s9DCJam20254GameC04drawB4View33_0C559FABC338E68666BE10119E9759CFLLyyFyyXEfU_
FNDA:0,$s9DCJam20254GameC6draw3D33_0C559FABC338E68666BE10119E9759CFLLyyF
FNDA:0,$s9DCJam20254GameC6draw3D33_0C559FABC338E68666BE10119E9759CFLLyyFSb5Model5EnemyCXEfU_
FNDA:0,$s9DCJam20254GameC6draw3D33_0C559FABC338E68666BE10119E9759CFLLyyFAA10Drawable3DV5Model5EnemyCXEfU0_
FNDA:0,$s9DCJam20254GameC6draw3D33_0C559FABC338E68666BE10119E9759CFLLyyFyyXEfU1_
FNDA:0,$s9DCJam20254GameC6draw3D33_0C559FABC338E68666BE10119E9759CFLLyyFyyXEfU1_yyXEfU_
FNDA:0,$s9DCJam20254GameC6draw3D33_0C559FABC338E68666BE10119E9759CFLLyyFyyXEfU1_yyXEfU_yAA10Drawable3DVcACYbcfu_
FNDA:0,$s9DCJam20254GameC6draw3D33_0C559FABC338E68666BE10119E9759CFLLyyFyyXEfU1_yyXEfU_yAA10Drawable3DVcACYbcfu_yAGcfu0_
FNDA:0,$s9DCJam20254GameC4draw33_0C559FABC338E68666BE10119E9759CFLLyyAA10Drawable3DVF
FNDA:0,$s9DCJam20254GameC11drawMinimap33_0C559FABC338E68666BE10119E9759CFLL5worldy5Model5WorldC_tF
FNDA:0,$s9DCJam20254GameC11drawMinimap33_0C559FABC338E68666BE10119E9759CFLL5worldy5Model5WorldC_tFyAA10Drawable2DVXEfU_
FNDA:0,$s9DCJam20254GameC4draw33_0C559FABC338E68666BE10119E9759CFLLyyAA10Drawable2DVF
FNDA:0,$s9DCJam20254GameC10loadShader33_0C559FABC338E68666BE10119E9759CFLLSo0D0VyF
FNDA:0,$s9DCJam20254GameC10loadShader33_0C559FABC338E68666BE10119E9759CFLLSo0D0VyFSSyXEfu_
FNDA:0,$s9DCJam20254GameC10loadShader33_0C559FABC338E68666BE10119E9759CFLLSo0D0VyFSSyXEfu0_
FNDA:0,$s9DCJam20254GameC10loadImages33_0C559FABC338E68666BE10119E9759CFLLyyF
FNDA:0,$s9DCJam20254GameC10loadImages33_0C559FABC338E68666BE10119E9759CFLLyyFySSXEfU_
FNDA:0,$s9DCJam20254GameC10loadImages33_0C559FABC338E68666BE10119E9759CFLLyyFySSXEfU_SSyXEfu_
FNDA:0,$s9DCJam20254GameC10loadModels33_0C559FABC338E68666BE10119E9759CFLLyyF
FNDA:0,$s9DCJam20254GameC10loadModels33_0C559FABC338E68666BE10119E9759CFLLyyFySSXEfU_
FNDA:0,$s9DCJam20254GameC9loadModel33_0C559FABC338E68666BE10119E9759CFLL_13withExtensionSo0D0VSS_SStF
FNDA:0,$s9DCJam20254GameC9loadModel33_0C559FABC338E68666BE10119E9759CFLL_13withExtensionSo0D0VSS_SStFSSyXEfu_
FNDA:0,$s9DCJam20254GameC9loadModel33_0C559FABC338E68666BE10119E9759CFLL_13withExtensionSo0D0VSS_SStFSiyXEfu0_
FNF:43
FNH:0
DA:13,0
DA:14,0
DA:15,0
DA:17,0
DA:19,0
DA:20,0
DA:25,0
DA:27,0
DA:28,0
DA:29,0
DA:30,0
DA:31,0
DA:32,0
DA:33,0
DA:34,0
DA:35,0
DA:36,0
DA:37,0
DA:38,0
DA:39,0
DA:40,0
DA:41,0
DA:42,0
DA:43,0
DA:44,0
DA:45,0
DA:46,0
DA:47,0
DA:48,0
DA:49,0
DA:50,0
DA:51,0
DA:52,0
DA:53,0
DA:54,0
DA:55,0
DA:56,0
DA:57,0
DA:58,0
DA:59,0
DA:60,0
DA:61,0
DA:62,0
DA:63,0
DA:64,0
DA:66,0
DA:67,0
DA:68,0
DA:69,0
DA:70,0
DA:71,0
DA:72,0
DA:73,0
DA:74,0
DA:75,0
DA:76,0
DA:77,0
DA:78,0
DA:79,0
DA:80,0
DA:82,0
DA:83,0
DA:84,0
DA:85,0
DA:86,0
DA:87,0
DA:88,0
DA:90,0
DA:91,0
DA:92,0
DA:93,0
DA:94,0
DA:95,0
DA:97,0
DA:98,0
DA:99,0
DA:100,0
DA:101,0
DA:102,0
DA:103,0
DA:104,0
DA:105,0
DA:106,0
DA:107,0
DA:108,0
DA:109,0
DA:110,0
DA:111,0
DA:112,0
DA:114,0
DA:115,0
DA:116,0
DA:117,0
DA:118,0
DA:119,0
DA:120,0
DA:121,0
DA:122,0
DA:124,0
DA:125,0
DA:126,0
DA:127,0
DA:128,0
DA:129,0
DA:131,0
DA:132,0
DA:133,0
DA:134,0
DA:135,0
DA:136,0
DA:137,0
DA:138,0
DA:139,0
DA:140,0
DA:141,0
DA:142,0
DA:144,0
DA:145,0
DA:146,0
DA:147,0
DA:148,0
DA:149,0
DA:150,0
DA:151,0
DA:152,0
DA:153,0
DA:154,0
DA:155,0
DA:156,0
DA:157,0
DA:158,0
DA:160,0
DA:161,0
DA:162,0
DA:163,0
DA:164,0
DA:165,0
DA:166,0
DA:167,0
DA:168,0
DA:169,0
DA:170,0
DA:171,0
DA:173,0
DA:174,0
DA:175,0
DA:176,0
DA:178,0
DA:179,0
DA:180,0
DA:181,0
DA:182,0
DA:183,0
DA:185,0
DA:186,0
DA:187,0
DA:188,0
DA:189,0
DA:190,0
DA:191,0
DA:192,0
DA:193,0
DA:194,0
DA:195,0
DA:196,0
DA:197,0
DA:198,0
DA:199,0
DA:200,0
DA:201,0
DA:202,0
DA:203,0
DA:205,0
DA:206,0
DA:207,0
DA:208,0
DA:209,0
DA:210,0
DA:211,0
DA:212,0
DA:213,0
DA:214,0
DA:215,0
DA:216,0
DA:217,0
DA:218,0
DA:219,0
DA:220,0
DA:221,0
DA:222,0
DA:223,0
DA:224,0
DA:225,0
DA:226,0
DA:227,0
DA:228,0
DA:229,0
DA:230,0
DA:232,0
DA:233,0
DA:234,0
DA:235,0
DA:236,0
DA:237,0
DA:238,0
DA:239,0
DA:240,0
DA:241,0
DA:242,0
DA:243,0
DA:244,0
DA:245,0
DA:247,0
DA:248,0
DA:249,0
DA:250,0
DA:251,0
DA:252,0
DA:253,0
DA:254,0
DA:255,0
DA:256,0
DA:257,0
DA:258,0
DA:259,0
DA:260,0
DA:261,0
BRF:0
BRH:0
LF:270
LH:0
end_of_record
SF:/Users/maartene/Developer/Swift Programming/DCJam2025/Sources/DCJam2025/Presentation/RaylibHelpers.swift
FN:32,$sSo5ColorV9DCJam2025E5whiteABvgZ
FN:36,$sSo5ColorV9DCJam2025E8darkGrayABvgZ
FN:40,$sSo5ColorV9DCJam2025E5blackABvgZ
FN:44,$sSo5ColorV9DCJam2025E4blueABvgZ
FN:48,$sSo5ColorV9DCJam2025E3redABvgZ
FN:52,$sSo5ColorV9DCJam2025E5greenABvgZ
FN:56,$sSo5ColorV9DCJam2025E6yellowABvgZ
FN:62,$sSo5ColorV9DCJam2025E2eeoiySbAB_ABtFZ
FN:64,$sSo5ColorV9DCJam2025E2eeoiySbAB_ABtFZSbyKXEfu_
FN:65,$sSo5ColorV9DCJam2025E2eeoiySbAB_ABtFZSbyKXEfu0_
FN:66,$sSo5ColorV9DCJam2025E2eeoiySbAB_ABtFZSbyKXEfu1_
FN:71,$s9DCJam202516CameraProjectionO11PERSPECTIVEs5Int32VvgZ
FN:75,$sSo7Vector3V9DCJam2025E3oneABvgZ
FN:79,$sSo7Vector3V9DCJam2025E2upABvgZ
FN:83,$sSo7Vector3V9DCJam2025E1poiyA2B_ABtFZ
FN:87,$sSo7Vector3V9DCJam2025E5scaleyABSfF
FN:92,$s9DCJam202512isKeyPressedySbSo08KeyboardC0aF
FN:104,$sSo7Vector2V9DCJam2025E1poiyA2B_ABtFZ
FN:119,$s9DCJam202517RayLibStateHelperC6states33_B4289160B3AB4949DAB031473BAABCCBLLShyAC0bcD0OGvpfi
FN:121,$s9DCJam202517RayLibStateHelperC11withDrawing12instructionsyyyXE_tF
FN:122,$s9DCJam202517RayLibStateHelperC11withDrawing12instructionsyyyXE_tFSbyXEfu_
FN:122,$s9DCJam202517RayLibStateHelperC11withDrawing12instructionsyyyXE_tFSSyXEfu0_
FN:131,$s9DCJam202517RayLibStateHelperC13with3DDrawing6camera12instructionsySo8Camera3DV_yyXEtF
FN:132,$s9DCJam202517RayLibStateHelperC13with3DDrawing6camera12instructionsySo8Camera3DV_yyXEtFSbyXEfu_
FN:132,$s9DCJam202517RayLibStateHelperC13with3DDrawing6camera12instructionsySo8Camera3DV_yyXEtFSSyXEfu0_
FN:133,$s9DCJam202517RayLibStateHelperC13with3DDrawing6camera12instructionsySo8Camera3DV_yyXEtFSbyXEfu1_
FN:133,$s9DCJam202517RayLibStateHelperC13with3DDrawing6camera12instructionsySo8Camera3DV_yyXEtFSSyXEfu2_
FN:142,$s9DCJam202517RayLibStateHelperC10withShader_12instructionsySo0G0V_yyXEtF
FN:143,$s9DCJam202517RayLibStateHelperC10withShader_12instructionsySo0G0V_yyXEtFSbyXEfu_
FN:143,$s9DCJam202517RayLibStateHelperC10withShader_12instructionsySo0G0V_yyXEtFSSyXEfu0_
FN:144,$s9DCJam202517RayLibStateHelperC10withShader_12instructionsySo0G0V_yyXEtFSbyXEfu1_
FN:144,$s9DCJam202517RayLibStateHelperC10withShader_12instructionsySo0G0V_yyXEtFSSyXEfu2_
FN:155,$sSo7Vector3V9DCJam2025E2eeoiySbAB_ABtFZ
FN:156,$sSo7Vector3V9DCJam2025E2eeoiySbAB_ABtFZSbyKXEfu_
FN:156,$sSo7Vector3V9DCJam2025E2eeoiySbAB_ABtFZSbyKXEfu0_
FN:161,$sSo7Vector2V9DCJam2025E2eeoiySbAB_ABtFZ
FN:162,$sSo7Vector2V9DCJam2025E2eeoiySbAB_ABtFZSbyKXEfu_
FNDA:33,$sSo5ColorV9DCJam2025E5whiteABvgZ
FNDA:0,$sSo5ColorV9DCJam2025E8darkGrayABvgZ
FNDA:0,$sSo5ColorV9DCJam2025E5blackABvgZ
FNDA:1,$sSo5ColorV9DCJam2025E4blueABvgZ
FNDA:9,$sSo5ColorV9DCJam2025E3redABvgZ
FNDA:8,$sSo5ColorV9DCJam2025E5greenABvgZ
FNDA:4,$sSo5ColorV9DCJam2025E6yellowABvgZ
FNDA:40,$sSo5ColorV9DCJam2025E2eeoiySbAB_ABtFZ
FNDA:40,$sSo5ColorV9DCJam2025E2eeoiySbAB_ABtFZSbyKXEfu_
FNDA:40,$sSo5ColorV9DCJam2025E2eeoiySbAB_ABtFZSbyKXEfu0_
FNDA:40,$sSo5ColorV9DCJam2025E2eeoiySbAB_ABtFZSbyKXEfu1_
FNDA:0,$s9DCJam202516CameraProjectionO11PERSPECTIVEs5Int32VvgZ
FNDA:20,$sSo7Vector3V9DCJam2025E3oneABvgZ
FNDA:20,$sSo7Vector3V9DCJam2025E2upABvgZ
FNDA:13,$sSo7Vector3V9DCJam2025E1poiyA2B_ABtFZ
FNDA:20,$sSo7Vector3V9DCJam2025E5scaleyABSfF
FNDA:0,$s9DCJam202512isKeyPressedySbSo08KeyboardC0aF
FNDA:0,$sSo7Vector2V9DCJam2025E1poiyA2B_ABtFZ
FNDA:0,$s9DCJam202517RayLibStateHelperC6states33_B4289160B3AB4949DAB031473BAABCCBLLShyAC0bcD0OGvpfi
FNDA:0,$s9DCJam202517RayLibStateHelperC11withDrawing12instructionsyyyXE_tF
FNDA:0,$s9DCJam202517RayLibStateHelperC11withDrawing12instructionsyyyXE_tFSbyXEfu_
FNDA:0,$s9DCJam202517RayLibStateHelperC11withDrawing12instructionsyyyXE_tFSSyXEfu0_
FNDA:0,$s9DCJam202517RayLibStateHelperC13with3DDrawing6camera12instructionsySo8Camera3DV_yyXEtF
FNDA:0,$s9DCJam202517RayLibStateHelperC13with3DDrawing6camera12instructionsySo8Camera3DV_yyXEtFSbyXEfu_
FNDA:0,$s9DCJam202517RayLibStateHelperC13with3DDrawing6camera12instructionsySo8Camera3DV_yyXEtFSSyXEfu0_
FNDA:0,$s9DCJam202517RayLibStateHelperC13with3DDrawing6camera12instructionsySo8Camera3DV_yyXEtFSbyXEfu1_
FNDA:0,$s9DCJam202517RayLibStateHelperC13with3DDrawing6camera12instructionsySo8Camera3DV_yyXEtFSSyXEfu2_
FNDA:0,$s9DCJam202517RayLibStateHelperC10withShader_12instructionsySo0G0V_yyXEtF
FNDA:0,$s9DCJam202517RayLibStateHelperC10withShader_12instructionsySo0G0V_yyXEtFSbyXEfu_
FNDA:0,$s9DCJam202517RayLibStateHelperC10withShader_12instructionsySo0G0V_yyXEtFSSyXEfu0_
FNDA:0,$s9DCJam202517RayLibStateHelperC10withShader_12instructionsySo0G0V_yyXEtFSbyXEfu1_
FNDA:0,$s9DCJam202517RayLibStateHelperC10withShader_12instructionsySo0G0V_yyXEtFSSyXEfu2_
FNDA:89,$sSo7Vector3V9DCJam2025E2eeoiySbAB_ABtFZ
FNDA:69,$sSo7Vector3V9DCJam2025E2eeoiySbAB_ABtFZSbyKXEfu_
FNDA:69,$sSo7Vector3V9DCJam2025E2eeoiySbAB_ABtFZSbyKXEfu0_
FNDA:33,$sSo7Vector2V9DCJam2025E2eeoiySbAB_ABtFZ
FNDA:21,$sSo7Vector2V9DCJam2025E2eeoiySbAB_ABtFZSbyKXEfu_
FNF:37
FNH:18
DA:32,33
DA:33,33
DA:34,33
DA:36,0
DA:37,0
DA:38,0
DA:40,0
DA:41,0
DA:42,0
DA:44,1
DA:45,1
DA:46,1
DA:48,9
DA:49,9
DA:50,9
DA:52,8
DA:53,8
DA:54,8
DA:56,4
DA:57,4
DA:58,4
DA:62,40
DA:63,40
DA:64,40
DA:65,40
DA:66,40
DA:67,40
DA:71,0
DA:75,20
DA:76,20
DA:77,20
DA:79,20
DA:80,20
DA:81,20
DA:83,13
DA:84,13
DA:85,13
DA:87,20
DA:88,20
DA:89,20
DA:92,0
DA:93,0
DA:94,0
DA:104,0
DA:105,0
DA:106,0
DA:119,0
DA:121,0
DA:122,0
DA:123,0
DA:124,0
DA:125,0
DA:126,0
DA:127,0
DA:128,0
DA:129,0
DA:131,0
DA:132,0
DA:133,0
DA:134,0
DA:135,0
DA:136,0
DA:137,0
DA:138,0
DA:139,0
DA:140,0
DA:142,0
DA:143,0
DA:144,0
DA:145,0
DA:146,0
DA:147,0
DA:148,0
DA:149,0
DA:150,0
DA:151,0
DA:155,89
DA:156,89
DA:157,89
DA:161,33
DA:162,33
DA:163,33
BRF:0
BRH:0
LF:98
LH:45
end_of_record
SF:/Users/maartene/Developer/Swift Programming/DCJam2025/Sources/DCJam2025/main.swift
FN:1,DCJam2025_main
FNDA:0,DCJam2025_main
FNF:1
FNH:0
DA:1,0
BRF:0
BRH:0
LF:1
LH:0
end_of_record
SF:/Users/maartene/Developer/Swift Programming/DCJam2025/Sources/Model/AttackMobStrategy.swift
FN:14,$s5Model17AttackMobStrategyPAAE21allowedPartyPositionsAA0F13PositionGroupOvg
FN:15,$s5Model17AttackMobStrategyPAAE12allowedHandsSayAA11PartyMemberC4HandOGvg
FN:19,$s5Model17AttackMobStrategyPAAE15getValidTargets2inSayAA10Damageable_pGAA5WorldC_tF
FN:21,$s5Model17AttackMobStrategyPAAE15getValidTargets2inSayAA10Damageable_pGAA5WorldC_tFSbAA5EnemyCXEfU_
FN:25,$s5Model17AttackMobStrategyPAAE15getValidTargets2inSayAA10Damageable_pGAA5WorldC_tFSbAA5EnemyCXEfU0_
FN:41,$s5Model22MeleeAttackMobStrategyV5rangeSivpfi
FN:42,$s5Model22MeleeAttackMobStrategyV6damageSivpfi
FN:44,$s5Model22MeleeAttackMobStrategyV21allowedPartyPositionsAA0G13PositionGroupOvpfi
FN:48,$s5Model23RangedAttackMobStrategyV5rangeSivpfi
FN:49,$s5Model23RangedAttackMobStrategyV6damageSivpfi
FN:50,$s5Model23RangedAttackMobStrategyV12allowedHandsSayAA11PartyMemberC4HandOGvpfi
FN:54,$s5Model22MagicAttackMobStrategyV5rangeSivpfi
FN:55,$s5Model22MagicAttackMobStrategyV6damageSivpfi
FN:57,$s5Model22MagicAttackMobStrategyV13damageTargets2inyAA5WorldC_tF
FN:59,$s5Model22MagicAttackMobStrategyV13damageTargets2inyAA5WorldC_tFyAA10Damageable_pXEfU_
FNDA:3,$s5Model17AttackMobStrategyPAAE21allowedPartyPositionsAA0F13PositionGroupOvg
FNDA:0,$s5Model17AttackMobStrategyPAAE12allowedHandsSayAA11PartyMemberC4HandOGvg
FNDA:9,$s5Model17AttackMobStrategyPAAE15getValidTargets2inSayAA10Damageable_pGAA5WorldC_tF
FNDA:10,$s5Model17AttackMobStrategyPAAE15getValidTargets2inSayAA10Damageable_pGAA5WorldC_tFSbAA5EnemyCXEfU_
FNDA:9,$s5Model17AttackMobStrategyPAAE15getValidTargets2inSayAA10Damageable_pGAA5WorldC_tFSbAA5EnemyCXEfU0_
FNDA:2,$s5Model22MeleeAttackMobStrategyV5rangeSivpfi
FNDA:2,$s5Model22MeleeAttackMobStrategyV6damageSivpfi
FNDA:2,$s5Model22MeleeAttackMobStrategyV21allowedPartyPositionsAA0G13PositionGroupOvpfi
FNDA:1,$s5Model23RangedAttackMobStrategyV5rangeSivpfi
FNDA:1,$s5Model23RangedAttackMobStrategyV6damageSivpfi
FNDA:1,$s5Model23RangedAttackMobStrategyV12allowedHandsSayAA11PartyMemberC4HandOGvpfi
FNDA:1,$s5Model22MagicAttackMobStrategyV5rangeSivpfi
FNDA:1,$s5Model22MagicAttackMobStrategyV6damageSivpfi
FNDA:1,$s5Model22MagicAttackMobStrategyV13damageTargets2inyAA5WorldC_tF
FNDA:2,$s5Model22MagicAttackMobStrategyV13damageTargets2inyAA5WorldC_tFyAA10Damageable_pXEfU_
FNF:15
FNH:14
DA:14,3
DA:15,0
DA:16,0
DA:17,0
DA:19,9
DA:20,9
DA:21,10
DA:22,10
DA:23,10
DA:24,9
DA:25,9
DA:26,9
DA:27,22
DA:28,22
DA:29,8
DA:30,14
DA:31,14
DA:32,14
DA:33,1
DA:34,9
DA:35,9
DA:36,9
DA:37,9
DA:41,2
DA:42,2
DA:44,2
DA:48,1
DA:49,1
DA:50,1
DA:54,1
DA:55,1
DA:57,1
DA:58,1
DA:59,2
DA:60,1
BRF:0
BRH:0
LF:49
LH:46
end_of_record
SF:/Users/maartene/Developer/Swift Programming/DCJam2025/Sources/Model/AttackPartyStrategy.swift
FN:11,$s5Model19AttackPartyStrategyPAAE14partyIsInRange2in13enemyPositionSbAA5WorldC_AA10CoordinateVtF
FN:18,$s5Model24MeleeAttackPartyStrategyV5rangeSivpfi
FN:19,$s5Model24MeleeAttackPartyStrategyV6damageSivpfi
FN:21,$s5Model24MeleeAttackPartyStrategyV15getValidTargets2inSayAA10Damageable_pGAA5WorldC_tF
FN:23,$s5Model24MeleeAttackPartyStrategyV15getValidTargets2inSayAA10Damageable_pGAA5WorldC_tFSbAA0D6MemberCXEfU_
FN:28,$s5Model25RangedAttackPartyStrategyV5rangeSivpfi
FN:29,$s5Model25RangedAttackPartyStrategyV6damageSivpfi
FN:31,$s5Model25RangedAttackPartyStrategyV15getValidTargets2inSayAA10Damageable_pGAA5WorldC_tF
FN:33,$s5Model25RangedAttackPartyStrategyV15getValidTargets2inSayAA10Damageable_pGAA5WorldC_tFSbAA0D6MemberCXEfU_
FN:38,$s5Model24MagicAttackPartyStrategyV5rangeSivpfi
FN:39,$s5Model24MagicAttackPartyStrategyV6damageSivpfi
FN:41,$s5Model24MagicAttackPartyStrategyV15getValidTargets2inSayAA10Damageable_pGAA5WorldC_tF
FN:43,$s5Model24MagicAttackPartyStrategyV15getValidTargets2inSayAA10Damageable_pGAA5WorldC_tFSbAA0D6MemberCXEfU_
FN:46,$s5Model24MagicAttackPartyStrategyV13damageTargets2inyAA5WorldC_tF
FN:48,$s5Model24MagicAttackPartyStrategyV13damageTargets2inyAA5WorldC_tFyAA10Damageable_pXEfU_
FN:53,$s5Model19DummyAttackStrategyV15getValidTargets2inSayAA10Damageable_pGAA5WorldC_tF
FN:57,$s5Model19DummyAttackStrategyV5rangeSivpfi
FN:58,$s5Model19DummyAttackStrategyV6damageSivpfi
FNDA:21,$s5Model19AttackPartyStrategyPAAE14partyIsInRange2in13enemyPositionSbAA5WorldC_AA10CoordinateVtF
FNDA:28,$s5Model24MeleeAttackPartyStrategyV5rangeSivpfi
FNDA:28,$s5Model24MeleeAttackPartyStrategyV6damageSivpfi
FNDA:7,$s5Model24MeleeAttackPartyStrategyV15getValidTargets2inSayAA10Damageable_pGAA5WorldC_tF
FNDA:14,$s5Model24MeleeAttackPartyStrategyV15getValidTargets2inSayAA10Damageable_pGAA5WorldC_tFSbAA0D6MemberCXEfU_
FNDA:5,$s5Model25RangedAttackPartyStrategyV5rangeSivpfi
FNDA:5,$s5Model25RangedAttackPartyStrategyV6damageSivpfi
FNDA:3,$s5Model25RangedAttackPartyStrategyV15getValidTargets2inSayAA10Damageable_pGAA5WorldC_tF
FNDA:12,$s5Model25RangedAttackPartyStrategyV15getValidTargets2inSayAA10Damageable_pGAA5WorldC_tFSbAA0D6MemberCXEfU_
FNDA:1,$s5Model24MagicAttackPartyStrategyV5rangeSivpfi
FNDA:1,$s5Model24MagicAttackPartyStrategyV6damageSivpfi
FNDA:1,$s5Model24MagicAttackPartyStrategyV15getValidTargets2inSayAA10Damageable_pGAA5WorldC_tF
FNDA:4,$s5Model24MagicAttackPartyStrategyV15getValidTargets2inSayAA10Damageable_pGAA5WorldC_tFSbAA0D6MemberCXEfU_
FNDA:1,$s5Model24MagicAttackPartyStrategyV13damageTargets2inyAA5WorldC_tF
FNDA:4,$s5Model24MagicAttackPartyStrategyV13damageTargets2inyAA5WorldC_tFyAA10Damageable_pXEfU_
FNDA:1,$s5Model19DummyAttackStrategyV15getValidTargets2inSayAA10Damageable_pGAA5WorldC_tF
FNDA:1,$s5Model19DummyAttackStrategyV5rangeSivpfi
FNDA:1,$s5Model19DummyAttackStrategyV6damageSivpfi
FNF:18
FNH:18
DA:11,21
DA:12,21
DA:13,21
DA:14,21
DA:18,28
DA:19,28
DA:21,7
DA:22,7
DA:23,14
DA:24,7
DA:28,5
DA:29,5
DA:31,3
DA:32,3
DA:33,12
DA:34,3
DA:38,1
DA:39,1
DA:41,1
DA:42,1
DA:43,4
DA:44,1
DA:46,1
DA:47,1
DA:48,4
DA:49,1
DA:53,1
DA:54,1
DA:55,1
DA:57,1
DA:58,1
BRF:0
BRH:0
LF:35
LH:35
end_of_record
SF:/Users/maartene/Developer/Swift Programming/DCJam2025/Sources/Model/AttackStrategy.swift
FN:17,$s5Model14AttackStrategyPAAE13damageTargets2inyAA5WorldC_tF
FNDA:19,$s5Model14AttackStrategyPAAE13damageTargets2inyAA5WorldC_tF
FNF:1
FNH:1
DA:17,19
DA:18,19
DA:19,19
DA:20,19
BRF:0
BRH:0
LF:4
LH:4
end_of_record
SF:/Users/maartene/Developer/Swift Programming/DCJam2025/Sources/Model/Coordinate.swift
FN:14,$s5Model10CoordinateV1x1yACSi_SitcfC
FN:19,$s5Model10CoordinateV1poiyA2C_ACtFZ
FN:23,$s5Model10CoordinateV2peoiyyACz_ACtFZ
FN:27,$s5Model10CoordinateV1soiyA2C_ACtFZ
FN:31,$s5Model10CoordinateV1moiyA2C_SitFZ
FN:35,$s5Model10CoordinateV10distanceToySdACF
FN:40,$s5Model10CoordinateV9magnitudeSdvg
FN:44,$s5Model10CoordinateV9square3x3ShyACGvgZ
FN:58,$s5Model10CoordinateV12squareAroundShyACGvg
FN:59,$s5Model10CoordinateV12squareAroundShyACGvgA2CXEfU_
FN:64,$s5Model10CoordinateV10neighboursSayACGvg
FN:70,$s5Model10CoordinateV10neighboursSayACGvgA2CXEfU_
FN:73,$s5Model10CoordinateV19manhattanDistanceToySiACF
FN:82,$s5Model10CoordinateV11plotLineLow33_8E69E0AEADF46072718F170BFF9DD77CLL2x02y02x12y1SayACGSi_S3itFZ
FN:109,$s5Model10CoordinateV12plotLineHigh33_8E69E0AEADF46072718F170BFF9DD77CLL2x02y02x12y1SayACGSi_S3itFZ
FN:136,$s5Model10CoordinateV8plotLine4from2toSayACGAC_ACtFZ
FNDA:3146,$s5Model10CoordinateV1x1yACSi_SitcfC
FNDA:1172,$s5Model10CoordinateV1poiyA2C_ACtFZ
FNDA:14,$s5Model10CoordinateV2peoiyyACz_ACtFZ
FNDA:38,$s5Model10CoordinateV1soiyA2C_ACtFZ
FNDA:0,$s5Model10CoordinateV1moiyA2C_SitFZ
FNDA:6,$s5Model10CoordinateV10distanceToySdACF
FNDA:6,$s5Model10CoordinateV9magnitudeSdvg
FNDA:108,$s5Model10CoordinateV9square3x3ShyACGvgZ
FNDA:108,$s5Model10CoordinateV12squareAroundShyACGvg
FNDA:958,$s5Model10CoordinateV12squareAroundShyACGvgA2CXEfU_
FNDA:38,$s5Model10CoordinateV10neighboursSayACGvg
FNDA:152,$s5Model10CoordinateV10neighboursSayACGvgA2CXEfU_
FNDA:31,$s5Model10CoordinateV19manhattanDistanceToySiACF
FNDA:17,$s5Model10CoordinateV11plotLineLow33_8E69E0AEADF46072718F170BFF9DD77CLL2x02y02x12y1SayACGSi_S3itFZ
FNDA:7,$s5Model10CoordinateV12plotLineHigh33_8E69E0AEADF46072718F170BFF9DD77CLL2x02y02x12y1SayACGSi_S3itFZ
FNDA:24,$s5Model10CoordinateV8plotLine4from2toSayACGAC_ACtFZ
FNF:16
FNH:15
DA:14,3146
DA:15,3146
DA:16,3146
DA:17,3146
DA:19,1172
DA:20,1172
DA:21,1172
DA:23,14
DA:24,14
DA:25,14
DA:27,38
DA:28,38
DA:29,38
DA:31,0
DA:32,0
DA:33,0
DA:35,6
DA:36,6
DA:37,6
DA:38,6
DA:40,6
DA:41,6
DA:42,6
DA:44,108
DA:45,108
DA:46,108
DA:47,108
DA:48,108
DA:49,108
DA:50,108
DA:51,108
DA:52,108
DA:53,108
DA:54,108
DA:55,108
DA:56,108
DA:58,108
DA:59,958
DA:60,958
DA:61,958
DA:62,108
DA:64,38
DA:65,38
DA:66,38
DA:67,38
DA:68,38
DA:69,38
DA:70,152
DA:71,38
DA:73,31
DA:74,31
DA:75,31
DA:82,17
DA:83,17
DA:84,17
DA:85,17
DA:86,17
DA:87,17
DA:88,17
DA:89,17
DA:90,0
DA:91,0
DA:92,0
DA:93,17
DA:94,17
DA:95,17
DA:96,17
DA:97,53
DA:98,53
DA:99,53
DA:100,0
DA:101,0
DA:102,0
DA:103,53
DA:104,53
DA:105,17
DA:106,17
DA:107,17
DA:109,7
DA:110,7
DA:111,7
DA:112,7
DA:113,7
DA:114,7
DA:115,7
DA:116,7
DA:117,7
DA:118,0
DA:119,0
DA:120,0
DA:121,7
DA:122,7
DA:123,7
DA:124,7
DA:125,18
DA:126,18
DA:127,18
DA:128,2
DA:129,2
DA:130,2
DA:131,18
DA:132,18
DA:133,7
DA:134,7
DA:136,24
DA:137,24
DA:138,24
DA:139,24
DA:140,24
DA:141,24
DA:142,24
DA:143,17
DA:144,17
DA:145,17
DA:146,0
DA:147,0
DA:148,17
DA:149,7
DA:150,6
DA:151,6
DA:152,1
DA:153,1
DA:154,7
DA:155,24
BRF:0
BRH:0
LF:128
LH:114
end_of_record
SF:/Users/maartene/Developer/Swift Programming/DCJam2025/Sources/Model/Direction.swift
FN:14,$s5Model17MovementDirectionO09toCompassC15WhenFacingNorth33_2FD0E2BB4E31BE99184A0F4248CBF36DLLAA0eC0Ovg
FN:23,$s5Model17MovementDirectionO09toCompassC06facingAA0eC0OAG_tF
FN:35,$s5Model16CompassDirectionO27numberOfQuarterTurnsToNorthSivg
FN:44,$s5Model16CompassDirectionO16rotatedClockwiseyACSiF
FN:61,$s5Model16CompassDirectionO23rotatedCounterClockwiseyACSiF
FN:78,$s5Model16CompassDirectionO12toCoordinateAA0E0Vvg
FN:87,$s5Model16CompassDirectionO11randomValueACvgZ
FN:96,$s5Model16CompassDirectionO7forwardAA10CoordinateVvg
FNDA:113,$s5Model17MovementDirectionO09toCompassC15WhenFacingNorth33_2FD0E2BB4E31BE99184A0F4248CBF36DLLAA0eC0Ovg
FNDA:113,$s5Model17MovementDirectionO09toCompassC06facingAA0eC0OAG_tF
FNDA:113,$s5Model16CompassDirectionO27numberOfQuarterTurnsToNorthSivg
FNDA:125,$s5Model16CompassDirectionO16rotatedClockwiseyACSiF
FNDA:1,$s5Model16CompassDirectionO23rotatedCounterClockwiseyACSiF
FNDA:113,$s5Model16CompassDirectionO12toCoordinateAA0E0Vvg
FNDA:0,$s5Model16CompassDirectionO11randomValueACvgZ
FNDA:83,$s5Model16CompassDirectionO7forwardAA10CoordinateVvg
FNF:8
FNH:7
DA:14,113
DA:15,113
DA:16,113
DA:17,113
DA:18,113
DA:19,113
DA:20,113
DA:21,113
DA:23,113
DA:24,113
DA:25,113
DA:26,113
DA:35,113
DA:36,113
DA:37,113
DA:38,113
DA:39,113
DA:40,113
DA:41,113
DA:42,113
DA:44,125
DA:45,125
DA:46,125
DA:47,125
DA:48,125
DA:49,125
DA:50,125
DA:51,125
DA:52,125
DA:53,125
DA:54,164
DA:55,164
DA:56,164
DA:57,125
DA:58,125
DA:59,125
DA:61,1
DA:62,1
DA:63,1
DA:64,1
DA:65,1
DA:66,1
DA:67,1
DA:68,1
DA:69,1
DA:70,1
DA:71,1
DA:72,1
DA:73,1
DA:74,1
DA:75,1
DA:76,1
DA:78,113
DA:79,113
DA:80,113
DA:81,113
DA:82,113
DA:83,113
DA:84,113
DA:85,113
DA:87,0
DA:88,0
DA:89,0
DA:90,0
DA:91,0
DA:92,0
DA:93,0
DA:94,0
DA:96,83
DA:97,83
DA:98,83
BRF:0
BRH:0
LF:71
LH:63
end_of_record
SF:/Users/maartene/Developer/Swift Programming/DCJam2025/Sources/Model/Enemy.swift
FN:13,$s5Model5EnemyC15cooldownExpires028_9C87C6171151834604D59BBF1E3G2D1LL10Foundation4DateVvpfi
FN:14,$s5Model5EnemyC8cooldownSdvpfi
FN:18,$s5Model5EnemyC8position7heading14attackStrategy2hpAcA10CoordinateV_AA16CompassDirectionOAA011AttackPartyF0_pSitcfc
FN:25,$s5Model5EnemyC7isAliveSbvg
FN:29,$s5Model5EnemyC10takeDamageyySiF
FN:33,$s5Model5EnemyC3act2in2atyAA5WorldC_10Foundation4DateVtF
FN:55,$s5Model5EnemyC23enemyCooldownHasExpired028_9C87C6171151834604D59BBF1E3I2D1LL2atSb10Foundation4DateV_tF
FN:59,$s5Model5EnemyC14hasLineOfSight028_9C87C6171151834604D59BBF1E3I2D1LL_2inSbAA10CoordinateV_AA5WorldCtF
FN:63,$s5Model5EnemyC13isFacingParty028_9C87C6171151834604D59BBF1E3H2D1LL2inSbAA5WorldC_tF
FN:67,$s5Model5EnemyC18isFacingCoordinate028_9C87C6171151834604D59BBF1E3H2D1LLySbAA0E0VF
FN:72,$s5Model5EnemyC18isFacingCoordinate028_9C87C6171151834604D59BBF1E3H2D1LLySbAA0E0VFSbyKXEfu_
FN:73,$s5Model5EnemyC18isFacingCoordinate028_9C87C6171151834604D59BBF1E3H2D1LLySbAA0E0VFSbyKXEfu0_
FN:73,$s5Model5EnemyC18isFacingCoordinate028_9C87C6171151834604D59BBF1E3H2D1LLySbAA0E0VFSbyKXEfu0_SbyKXEfu1_
FN:80,$s5Model5EnemyC18rotateTowardsParty028_9C87C6171151834604D59BBF1E3H2D1LL2in2atyAA5WorldC_10Foundation4DateVtF
FN:84,$s5Model5EnemyC23rotateTowardsCoordinate028_9C87C6171151834604D59BBF1E3H2D1LL_2atyAA0E0V_10Foundation4DateVtF
FN:100,$s5Model5EnemyC4move028_9C87C6171151834604D59BBF1E3F2D1LL2in2atyAA5WorldC_10Foundation4DateVtF
FN:103,$s5Model5EnemyC4move028_9C87C6171151834604D59BBF1E3F2D1LL2in2atyAA5WorldC_10Foundation4DateVtFSbAA10CoordinateVXEfU_
FN:116,$s5Model5EnemyC11attackParty028_9C87C6171151834604D59BBF1E3G2D1LL2in2atyAA5WorldC_10Foundation4DateVtF
FN:123,$s5Model5EnemyC2eeoiySbAC_ACtFZ
FN:127,$s5Model5EnemyC4hash4intoys6HasherVz_tF
FN:133,$s5Model5EnemyC09makeMeleeB02at7headingAcA10CoordinateV_AA16CompassDirectionOtFZ
FN:136,$s5Model5EnemyC010makeRangedB02at7headingAcA10CoordinateV_AA16CompassDirectionOtFZ
FN:139,$s5Model5EnemyC09makeMagicB02at7headingAcA10CoordinateV_AA16CompassDirectionOtFZ
FN:142,$s5Model5EnemyC17makePracticeDummy2at7headingAcA10CoordinateV_AA16CompassDirectionOtFZ
FNDA:36,$s5Model5EnemyC15cooldownExpires028_9C87C6171151834604D59BBF1E3G2D1LL10Foundation4DateVvpfi
FNDA:36,$s5Model5EnemyC8cooldownSdvpfi
FNDA:36,$s5Model5EnemyC8position7heading14attackStrategy2hpAcA10CoordinateV_AA16CompassDirectionOAA011AttackPartyF0_pSitcfc
FNDA:41,$s5Model5EnemyC7isAliveSbvg
FNDA:10,$s5Model5EnemyC10takeDamageyySiF
FNDA:26,$s5Model5EnemyC3act2in2atyAA5WorldC_10Foundation4DateVtF
FNDA:26,$s5Model5EnemyC23enemyCooldownHasExpired028_9C87C6171151834604D59BBF1E3I2D1LL2atSb10Foundation4DateV_tF
FNDA:23,$s5Model5EnemyC14hasLineOfSight028_9C87C6171151834604D59BBF1E3I2D1LL_2inSbAA10CoordinateV_AA5WorldCtF
FNDA:14,$s5Model5EnemyC13isFacingParty028_9C87C6171151834604D59BBF1E3H2D1LL2inSbAA5WorldC_tF
FNDA:32,$s5Model5EnemyC18isFacingCoordinate028_9C87C6171151834604D59BBF1E3H2D1LLySbAA0E0VF
FNDA:23,$s5Model5EnemyC18isFacingCoordinate028_9C87C6171151834604D59BBF1E3H2D1LLySbAA0E0VFSbyKXEfu_
FNDA:17,$s5Model5EnemyC18isFacingCoordinate028_9C87C6171151834604D59BBF1E3H2D1LLySbAA0E0VFSbyKXEfu0_
FNDA:5,$s5Model5EnemyC18isFacingCoordinate028_9C87C6171151834604D59BBF1E3H2D1LLySbAA0E0VFSbyKXEfu0_SbyKXEfu1_
FNDA:2,$s5Model5EnemyC18rotateTowardsParty028_9C87C6171151834604D59BBF1E3H2D1LL2in2atyAA5WorldC_10Foundation4DateVtF
FNDA:3,$s5Model5EnemyC23rotateTowardsCoordinate028_9C87C6171151834604D59BBF1E3H2D1LL_2atyAA0E0V_10Foundation4DateVtF
FNDA:7,$s5Model5EnemyC4move028_9C87C6171151834604D59BBF1E3F2D1LL2in2atyAA5WorldC_10Foundation4DateVtF
FNDA:6,$s5Model5EnemyC4move028_9C87C6171151834604D59BBF1E3F2D1LL2in2atyAA5WorldC_10Foundation4DateVtFSbAA10CoordinateVXEfU_
FNDA:12,$s5Model5EnemyC11attackParty028_9C87C6171151834604D59BBF1E3G2D1LL2in2atyAA5WorldC_10Foundation4DateVtF
FNDA:5,$s5Model5EnemyC2eeoiySbAC_ACtFZ
FNDA:73,$s5Model5EnemyC4hash4intoys6HasherVz_tF
FNDA:28,$s5Model5EnemyC09makeMeleeB02at7headingAcA10CoordinateV_AA16CompassDirectionOtFZ
FNDA:5,$s5Model5EnemyC010makeRangedB02at7headingAcA10CoordinateV_AA16CompassDirectionOtFZ
FNDA:1,$s5Model5EnemyC09makeMagicB02at7headingAcA10CoordinateV_AA16CompassDirectionOtFZ
FNDA:1,$s5Model5EnemyC17makePracticeDummy2at7headingAcA10CoordinateV_AA16CompassDirectionOtFZ
FNF:24
FNH:24
DA:13,36
DA:14,36
DA:18,36
DA:19,36
DA:20,36
DA:21,36
DA:22,36
DA:23,36
DA:25,41
DA:26,41
DA:27,41
DA:29,10
DA:30,10
DA:31,10
DA:33,26
DA:34,26
DA:35,3
DA:36,23
DA:37,23
DA:38,23
DA:39,2
DA:40,21
DA:41,21
DA:42,21
DA:43,7
DA:44,7
DA:45,14
DA:46,14
DA:47,14
DA:48,2
DA:49,2
DA:50,12
DA:51,12
DA:52,12
DA:53,12
DA:55,26
DA:56,26
DA:57,26
DA:59,23
DA:60,23
DA:61,23
DA:63,14
DA:64,14
DA:65,14
DA:67,32
DA:68,32
DA:69,32
DA:70,32
DA:71,32
DA:72,32
DA:73,32
DA:74,20
DA:75,20
DA:76,12
DA:77,12
DA:78,32
DA:80,2
DA:81,2
DA:82,2
DA:84,3
DA:85,3
DA:86,3
DA:87,12
DA:88,12
DA:89,3
DA:90,3
DA:91,3
DA:92,9
DA:93,9
DA:94,9
DA:95,9
DA:96,0
DA:97,0
DA:98,0
DA:100,7
DA:101,7
DA:102,7
DA:103,7
DA:104,1
DA:105,6
DA:106,6
DA:107,6
DA:108,1
DA:109,1
DA:110,5
DA:111,5
DA:112,5
DA:113,5
DA:114,5
DA:116,12
DA:117,12
DA:118,12
DA:119,12
DA:123,5
DA:124,5
DA:125,5
DA:127,73
DA:128,73
DA:129,73
DA:133,28
DA:134,28
DA:135,28
DA:136,5
DA:137,5
DA:138,5
DA:139,1
DA:140,1
DA:141,1
DA:142,1
DA:143,1
DA:144,1
BRF:0
BRH:0
LF:115
LH:112
end_of_record
SF:/Users/maartene/Developer/Swift Programming/DCJam2025/Sources/Model/Floor.swift
FN:15,$s5Model4TileO011characterToB0yACSJFZ
FN:16,$s5Model4TileO011characterToB0yACSJFZACyKXEfu_
FN:21,$s5Model5FloorV5tiles33_DE11FAD8BCBD0BC16164025B37AEBA99LLSDyAA10CoordinateVAA4TileOGvpfi
FN:28,$s5Model5FloorVyACSaySaySJGGcfC
FN:37,$s5Model5FloorVyACSaySaySJGGcfcSbAA10CoordinateV3key_AA4TileO5valuet_tXEfU_
FN:41,$s5Model5FloorVyACSaySaySJGGcfcSiyKXEfu_
FN:45,$s5Model5FloorV6tileAtyAA4TileOAA10CoordinateVF
FN:46,$s5Model5FloorV6tileAtyAA4TileOAA10CoordinateVFAFyXEfu_
FN:49,$s5Model5FloorV19hasUnobstructedView4from2toSbAA10CoordinateV_AHtF
FN:52,$s5Model5FloorV19hasUnobstructedView4from2toSbAA10CoordinateV_AHtFSbAHXEfU_
FN:56,$s5Model5FloorV3BFS4from2toSDyAA10CoordinateVSiGAH_AHtF
FN:73,$s5Model5FloorV3BFS4from2toSDyAA10CoordinateVSiGAH_AHtFSbyKXEfu_
FN:74,$s5Model5FloorV3BFS4from2toSDyAA10CoordinateVSiGAH_AHtFSbyKXEfu0_
FN:85,$s5Model5FloorV7getPath4from2to5usingSayAA10CoordinateVGAI_AISDyAISiGtF
FN:95,$s5Model5FloorV7getPath4from2to5usingSayAA10CoordinateVGAI_AISDyAISiGtFAI_SiSgtSgAIXEfU_
FN:97,$s5Model5FloorV7getPath4from2to5usingSayAA10CoordinateVGAI_AISDyAISiGtFSbAI_SiSgt_AI_ALttXEfU0_
FN:97,$s5Model5FloorV7getPath4from2to5usingSayAA10CoordinateVGAI_AISDyAISiGtFSbAI_SiSgt_AI_ALttXEfU0_SiyKXEfu_
FN:97,$s5Model5FloorV7getPath4from2to5usingSayAA10CoordinateVGAI_AISDyAISiGtFSbAI_SiSgt_AI_ALttXEfU0_SiyKXEfu0_
FN:109,$s5Model5FloorV08isWithinB033_DE11FAD8BCBD0BC16164025B37AEBA99LLySbAA10CoordinateVF
FN:110,$s5Model5FloorV08isWithinB033_DE11FAD8BCBD0BC16164025B37AEBA99LLySbAA10CoordinateVFSbyKXEfu_
FN:110,$s5Model5FloorV08isWithinB033_DE11FAD8BCBD0BC16164025B37AEBA99LLySbAA10CoordinateVFSbyKXEfu0_
FN:110,$s5Model5FloorV08isWithinB033_DE11FAD8BCBD0BC16164025B37AEBA99LLySbAA10CoordinateVFSbyKXEfu1_
FN:117,$s5Model5FloorV11descriptionSSvg
FNDA:428,$s5Model4TileO011characterToB0yACSJFZ
FNDA:42,$s5Model4TileO011characterToB0yACSJFZACyKXEfu_
FNDA:94,$s5Model5FloorV5tiles33_DE11FAD8BCBD0BC16164025B37AEBA99LLSDyAA10CoordinateVAA4TileOGvpfi
FNDA:94,$s5Model5FloorVyACSaySaySJGGcfC
FNDA:435,$s5Model5FloorVyACSaySaySJGGcfcSbAA10CoordinateV3key_AA4TileO5valuet_tXEfU_
FNDA:0,$s5Model5FloorVyACSaySaySJGGcfcSiyKXEfu_
FNDA:230,$s5Model5FloorV6tileAtyAA4TileOAA10CoordinateVF
FNDA:177,$s5Model5FloorV6tileAtyAA4TileOAA10CoordinateVFAFyXEfu_
FNDA:24,$s5Model5FloorV19hasUnobstructedView4from2toSbAA10CoordinateV_AHtF
FNDA:71,$s5Model5FloorV19hasUnobstructedView4from2toSbAA10CoordinateV_AHtFSbAHXEfU_
FNDA:7,$s5Model5FloorV3BFS4from2toSDyAA10CoordinateVSiGAH_AHtF
FNDA:76,$s5Model5FloorV3BFS4from2toSDyAA10CoordinateVSiGAH_AHtFSbyKXEfu_
FNDA:32,$s5Model5FloorV3BFS4from2toSDyAA10CoordinateVSiGAH_AHtFSbyKXEfu0_
FNDA:7,$s5Model5FloorV7getPath4from2to5usingSayAA10CoordinateVGAI_AISDyAISiGtF
FNDA:60,$s5Model5FloorV7getPath4from2to5usingSayAA10CoordinateVGAI_AISDyAISiGtFAI_SiSgtSgAIXEfU_
FNDA:45,$s5Model5FloorV7getPath4from2to5usingSayAA10CoordinateVGAI_AISDyAISiGtFSbAI_SiSgt_AI_ALttXEfU0_
FNDA:30,$s5Model5FloorV7getPath4from2to5usingSayAA10CoordinateVGAI_AISDyAISiGtFSbAI_SiSgt_AI_ALttXEfU0_SiyKXEfu_
FNDA:10,$s5Model5FloorV7getPath4from2to5usingSayAA10CoordinateVGAI_AISDyAISiGtFSbAI_SiSgt_AI_ALttXEfU0_SiyKXEfu0_
FNDA:76,$s5Model5FloorV08isWithinB033_DE11FAD8BCBD0BC16164025B37AEBA99LLySbAA10CoordinateVF
FNDA:70,$s5Model5FloorV08isWithinB033_DE11FAD8BCBD0BC16164025B37AEBA99LLySbAA10CoordinateVFSbyKXEfu_
FNDA:60,$s5Model5FloorV08isWithinB033_DE11FAD8BCBD0BC16164025B37AEBA99LLySbAA10CoordinateVFSbyKXEfu0_
FNDA:49,$s5Model5FloorV08isWithinB033_DE11FAD8BCBD0BC16164025B37AEBA99LLySbAA10CoordinateVFSbyKXEfu1_
FNDA:1,$s5Model5FloorV11descriptionSSvg
FNF:23
FNH:22
DA:15,428
DA:16,428
DA:17,428
DA:21,94
DA:28,94
DA:29,94
DA:30,94
DA:31,165
DA:32,435
DA:33,435
DA:34,435
DA:35,165
DA:36,94
DA:37,435
DA:38,94
DA:39,94
DA:40,94
DA:41,94
DA:42,94
DA:43,94
DA:45,230
DA:46,230
DA:47,230
DA:49,24
DA:50,24
DA:51,24
DA:52,71
DA:53,24
DA:54,24
DA:56,7
DA:57,7
DA:58,7
DA:59,7
DA:60,7
DA:61,30
DA:62,29
DA:63,29
DA:64,29
DA:65,29
DA:66,6
DA:67,23
DA:68,23
DA:69,23
DA:70,92
DA:71,92
DA:72,92
DA:73,92
DA:74,92
DA:75,25
DA:76,25
DA:77,25
DA:78,25
DA:79,92
DA:80,23
DA:81,1
DA:82,1
DA:83,7
DA:85,7
DA:86,7
DA:87,7
DA:88,7
DA:89,1
DA:90,6
DA:91,6
DA:92,6
DA:93,21
DA:94,15
DA:95,60
DA:96,15
DA:97,45
DA:98,0
DA:99,15
DA:100,15
DA:101,15
DA:102,15
DA:103,15
DA:104,15
DA:105,6
DA:106,6
DA:107,7
DA:109,76
DA:110,76
DA:111,76
DA:117,1
DA:118,1
DA:119,5
DA:120,5
DA:121,25
DA:122,25
DA:123,25
DA:124,5
DA:125,5
DA:126,1
DA:127,1
BRF:0
BRH:0
LF:108
LH:106
end_of_record
SF:/Users/maartene/Developer/Swift Programming/DCJam2025/Sources/Model/PartyMember.swift
FN:16,$s5Model11PartyMemberC9currentHPSivpfi
FN:17,$s5Model11PartyMemberC15cooldownExpires33_68E16470B89E174556BF5A3AA8A927C1LLSDyAC4HandO10Foundation4DateVGvpfi
FN:21,$s5Model11PartyMemberC8cooldown33_68E16470B89E174556BF5A3AA8A927C1LLSdvpfi
FN:25,$s5Model11PartyMemberC4name11primaryHand09secondaryF0ACSS_AA6WeaponVAHtcfc
FN:31,$s5Model11PartyMemberC7isAliveSbvg
FN:35,$s5Model11PartyMemberC10takeDamageyySiF
FN:39,$s5Model11PartyMemberC18cooldownHasExpired33_68E16470B89E174556BF5A3AA8A927C1LL3for2atSbAC4HandO_10Foundation4DateVtF
FN:43,$s5Model11PartyMemberC17canExecuteAbility3for2atSbAC4HandO_10Foundation4DateVtF
FN:52,$s5Model11PartyMemberC17canExecuteAbility3for2atSbAC4HandO_10Foundation4DateVtFSbyKXEfu_
FN:59,$s5Model11PartyMemberC13weaponForHand4handAA6WeaponVAC0F0O_tF
FN:66,$s5Model11PartyMemberC11equipWeapon_2inyAA0E0V_AC4HandOtF
FN:85,$s5Model11PartyMemberC18executeHandAbility4hand2in2atyAC0E0O_AA5WorldC10Foundation4DateVtF
FN:103,$s5Model11PartyMemberC09makeMeleebC04nameACSS_tFZ
FN:106,$s5Model11PartyMemberC10makeRanger4nameACSS_tFZ
FN:111,$s5Model11PartyMemberC8makeMage4nameACSS_tFZ
FNDA:322,$s5Model11PartyMemberC9currentHPSivpfi
FNDA:322,$s5Model11PartyMemberC15cooldownExpires33_68E16470B89E174556BF5A3AA8A927C1LLSDyAC4HandO10Foundation4DateVGvpfi
FNDA:322,$s5Model11PartyMemberC8cooldown33_68E16470B89E174556BF5A3AA8A927C1LLSdvpfi
FNDA:322,$s5Model11PartyMemberC4name11primaryHand09secondaryF0ACSS_AA6WeaponVAHtcfc
FNDA:263,$s5Model11PartyMemberC7isAliveSbvg
FNDA:33,$s5Model11PartyMemberC10takeDamageyySiF
FNDA:15,$s5Model11PartyMemberC18cooldownHasExpired33_68E16470B89E174556BF5A3AA8A927C1LL3for2atSbAC4HandO_10Foundation4DateVtF
FNDA:4,$s5Model11PartyMemberC17canExecuteAbility3for2atSbAC4HandO_10Foundation4DateVtF
FNDA:1,$s5Model11PartyMemberC17canExecuteAbility3for2atSbAC4HandO_10Foundation4DateVtFSbyKXEfu_
FNDA:25,$s5Model11PartyMemberC13weaponForHand4handAA6WeaponVAC0F0O_tF
FNDA:165,$s5Model11PartyMemberC11equipWeapon_2inyAA0E0V_AC4HandOtF
FNDA:11,$s5Model11PartyMemberC18executeHandAbility4hand2in2atyAC0E0O_AA5WorldC10Foundation4DateVtF
FNDA:159,$s5Model11PartyMemberC09makeMeleebC04nameACSS_tFZ
FNDA:81,$s5Model11PartyMemberC10makeRanger4nameACSS_tFZ
FNDA:80,$s5Model11PartyMemberC8makeMage4nameACSS_tFZ
FNF:15
FNH:15
DA:16,322
DA:17,322
DA:18,322
DA:19,322
DA:20,322
DA:21,322
DA:25,322
DA:26,322
DA:27,322
DA:28,322
DA:29,322
DA:31,263
DA:32,263
DA:33,263
DA:35,33
DA:36,33
DA:37,33
DA:39,15
DA:40,15
DA:41,15
DA:43,4
DA:44,4
DA:45,1
DA:46,3
DA:47,3
DA:48,3
DA:49,1
DA:50,2
DA:51,2
DA:52,2
DA:53,1
DA:54,1
DA:55,1
DA:56,1
DA:57,4
DA:59,25
DA:60,25
DA:61,25
DA:62,25
DA:63,25
DA:64,25
DA:66,165
DA:67,165
DA:68,2
DA:69,2
DA:70,2
DA:71,165
DA:72,165
DA:73,163
DA:74,163
DA:75,163
DA:76,2
DA:77,2
DA:78,2
DA:79,2
DA:80,0
DA:81,2
DA:82,165
DA:83,165
DA:85,11
DA:86,11
DA:87,11
DA:88,11
DA:89,1
DA:90,10
DA:91,10
DA:92,10
DA:93,1
DA:94,9
DA:95,9
DA:96,9
DA:97,9
DA:98,9
DA:99,9
DA:103,159
DA:104,159
DA:105,159
DA:106,81
DA:107,81
DA:108,81
DA:109,81
DA:110,81
DA:111,80
DA:112,80
DA:113,80
DA:114,80
DA:115,80
BRF:0
BRH:0
LF:88
LH:87
end_of_record
SF:/Users/maartene/Developer/Swift Programming/DCJam2025/Sources/Model/PartyMembers.swift
FN:13,$s5Model12PartyMembersV7membersACSayAA0B6MemberCG_tcfC
FN:17,$s5Model12PartyMembersVyAA0B6MemberCAA06SingleB8PositionOcig
FN:21,$s5Model12PartyMembersV9getMember33_2A7E7C34ECA39E69A4127F692C75D41CLL2atAA0bE0CAA06SingleB8PositionO_tF
FN:34,$s5Model12PartyMembersV03getC08groupingSayAA0B6MemberCGAA0B13PositionGroupO_tF
FN:45,$s5Model12PartyMembersV08hasAliveB6MemberSbvg
FN:46,$s5Model12PartyMembersV08hasAliveB6MemberSbvgSbAA0bF0CXEfU_
FN:49,$s5Model12PartyMembersV18executeHandAbility4from4hand2in2atyAA06SingleB8PositionO_AA0B6MemberC0E0OAA5WorldC10Foundation4DateVtF
FN:74,$s5Model18PartyPositionGroupO08toSingleB9PositionsSayAA0fbC0OGvg
FNDA:80,$s5Model12PartyMembersV7membersACSayAA0B6MemberCG_tcfC
FNDA:13,$s5Model12PartyMembersVyAA0B6MemberCAA06SingleB8PositionOcig
FNDA:43,$s5Model12PartyMembersV9getMember33_2A7E7C34ECA39E69A4127F692C75D41CLL2atAA0bE0CAA06SingleB8PositionO_tF
FNDA:40,$s5Model12PartyMembersV03getC08groupingSayAA0B6MemberCGAA0B13PositionGroupO_tF
FNDA:55,$s5Model12PartyMembersV08hasAliveB6MemberSbvg
FNDA:220,$s5Model12PartyMembersV08hasAliveB6MemberSbvgSbAA0bF0CXEfU_
FNDA:12,$s5Model12PartyMembersV18executeHandAbility4from4hand2in2atyAA06SingleB8PositionO_AA0B6MemberC0E0OAA5WorldC10Foundation4DateVtF
FNDA:12,$s5Model18PartyPositionGroupO08toSingleB9PositionsSayAA0fbC0OGvg
FNF:8
FNH:8
DA:13,80
DA:14,80
DA:15,80
DA:17,13
DA:18,13
DA:19,13
DA:21,43
DA:22,43
DA:23,43
DA:24,18
DA:25,43
DA:26,15
DA:27,43
DA:28,7
DA:29,43
DA:30,3
DA:31,43
DA:32,43
DA:34,40
DA:35,40
DA:36,40
DA:37,7
DA:38,40
DA:39,2
DA:40,40
DA:41,31
DA:42,40
DA:43,40
DA:45,55
DA:46,220
DA:47,55
DA:49,12
DA:50,12
DA:51,12
DA:52,12
DA:53,12
DA:54,12
DA:55,1
DA:56,11
DA:57,11
DA:58,11
DA:59,11
DA:74,12
DA:75,12
DA:76,12
DA:77,9
DA:78,12
DA:79,0
DA:80,12
DA:81,3
DA:82,12
DA:83,12
BRF:0
BRH:0
LF:53
LH:52
end_of_record
SF:/Users/maartene/Developer/Swift Programming/DCJam2025/Sources/Model/World.swift
FN:19,$s5Model5WorldC17currentFloorIndex33_4F055B4BB1A6D40F01FFB4619EA5F2FCLLSivpfi
FN:21,$s5Model5WorldC19visitedTilesOnFloor33_4F055B4BB1A6D40F01FFB4619EA5F2FCLLSDySiShyAA10CoordinateVGGvpfi
FN:24,$s5Model5WorldC12partyMembersAA05PartyD0Vvpfi
FN:32,$s5Model5WorldC6floors18partyStartPosition0dE7Heading7enemiesACSayAA5FloorVG_AA10CoordinateVAA16CompassDirectionOSayShyAA5EnemyCGGtcfc
FN:48,$s5Model5WorldC12currentFloorAA0D0Vvg
FN:52,$s5Model5WorldC21enemiesOnCurrentFloorShyAA5EnemyCGvg
FN:53,$s5Model5WorldC21enemiesOnCurrentFloorShyAA5EnemyCGvgAGyXEfu_
FN:56,$s5Model5WorldC26aliveEnemiesOnCurrentFloorShyAA5EnemyCGvg
FN:57,$s5Model5WorldC26aliveEnemiesOnCurrentFloorShyAA5EnemyCGvgAGyXEfu_
FN:58,$s5Model5WorldC26aliveEnemiesOnCurrentFloorShyAA5EnemyCGvgSbAFXEfU_
FN:61,$s5Model5WorldC5stateAC0B5StateOvg
FN:73,$s5Model5WorldC26visitedTilesOnCurrentFloorShyAA10CoordinateVGvg
FN:74,$s5Model5WorldC26visitedTilesOnCurrentFloorShyAA10CoordinateVGvgAGyXEfu_
FN:77,$s5Model5WorldC11pathToParty4fromSayAA10CoordinateVGAG_tF
FN:83,$s5Model5WorldC14executeCommand_2atyAA05PartyD0O_10Foundation4DateVtF
FN:100,$s5Model5WorldC15performMovement33_4F055B4BB1A6D40F01FFB4619EA5F2FCLL9directionyAA0D9DirectionO_tF
FN:103,$s5Model5WorldC15performMovement33_4F055B4BB1A6D40F01FFB4619EA5F2FCLL9directionyAA0D9DirectionO_tFAA10CoordinateVAA5EnemyCXEfU_
FN:126,$s5Model5WorldC18updateVisitedTiles33_4F055B4BB1A6D40F01FFB4619EA5F2FCLLyyF
FN:131,$s5Model5WorldC6update2aty10Foundation4DateV_tF
FN:146,$s5Model5WorldC2eeoiySbAC_ACtFZ
FN:148,$s5Model5WorldC2eeoiySbAC_ACtFZSbyKXEfu_
FN:149,$s5Model5WorldC2eeoiySbAC_ACtFZSbyKXEfu0_
FN:150,$s5Model5WorldC2eeoiySbAC_ACtFZSbyKXEfu1_
FN:151,$s5Model5WorldC2eeoiySbAC_ACtFZSbyKXEfu2_
FNDA:80,$s5Model5WorldC17currentFloorIndex33_4F055B4BB1A6D40F01FFB4619EA5F2FCLLSivpfi
FNDA:80,$s5Model5WorldC19visitedTilesOnFloor33_4F055B4BB1A6D40F01FFB4619EA5F2FCLLSDySiShyAA10CoordinateVGGvpfi
FNDA:80,$s5Model5WorldC12partyMembersAA05PartyD0Vvpfi
FNDA:80,$s5Model5WorldC6floors18partyStartPosition0dE7Heading7enemiesACSayAA5FloorVG_AA10CoordinateVAA16CompassDirectionOSayShyAA5EnemyCGGtcfc
FNDA:133,$s5Model5WorldC12currentFloorAA0D0Vvg
FNDA:18,$s5Model5WorldC21enemiesOnCurrentFloorShyAA5EnemyCGvg
FNDA:0,$s5Model5WorldC21enemiesOnCurrentFloorShyAA5EnemyCGvgAGyXEfu_
FNDA:67,$s5Model5WorldC26aliveEnemiesOnCurrentFloorShyAA5EnemyCGvg
FNDA:2,$s5Model5WorldC26aliveEnemiesOnCurrentFloorShyAA5EnemyCGvgAGyXEfu_
FNDA:41,$s5Model5WorldC26aliveEnemiesOnCurrentFloorShyAA5EnemyCGvgSbAFXEfU_
FNDA:55,$s5Model5WorldC5stateAC0B5StateOvg
FNDA:114,$s5Model5WorldC26visitedTilesOnCurrentFloorShyAA10CoordinateVGvg
FNDA:84,$s5Model5WorldC26visitedTilesOnCurrentFloorShyAA10CoordinateVGvgAGyXEfu_
FNDA:7,$s5Model5WorldC11pathToParty4fromSayAA10CoordinateVGAG_tF
FNDA:51,$s5Model5WorldC14executeCommand_2atyAA05PartyD0O_10Foundation4DateVtF
FNDA:30,$s5Model5WorldC15performMovement33_4F055B4BB1A6D40F01FFB4619EA5F2FCLL9directionyAA0D9DirectionO_tF
FNDA:2,$s5Model5WorldC15performMovement33_4F055B4BB1A6D40F01FFB4619EA5F2FCLL9directionyAA0D9DirectionO_tFAA10CoordinateVAA5EnemyCXEfU_
FNDA:108,$s5Model5WorldC18updateVisitedTiles33_4F055B4BB1A6D40F01FFB4619EA5F2FCLLyyF
FNDA:27,$s5Model5WorldC6update2aty10Foundation4DateV_tF
FNDA:2,$s5Model5WorldC2eeoiySbAC_ACtFZ
FNDA:2,$s5Model5WorldC2eeoiySbAC_ACtFZSbyKXEfu_
FNDA:2,$s5Model5WorldC2eeoiySbAC_ACtFZSbyKXEfu0_
FNDA:2,$s5Model5WorldC2eeoiySbAC_ACtFZSbyKXEfu1_
FNDA:2,$s5Model5WorldC2eeoiySbAC_ACtFZSbyKXEfu2_
FNF:24
FNH:23
DA:19,80
DA:21,80
DA:24,80
DA:25,80
DA:26,80
DA:27,80
DA:28,80
DA:29,80
DA:32,80
DA:33,80
DA:34,80
DA:35,80
DA:36,80
DA:37,80
DA:38,80
DA:39,83
DA:40,83
DA:41,83
DA:42,83
DA:43,80
DA:44,80
DA:45,80
DA:48,133
DA:49,133
DA:50,133
DA:52,18
DA:53,18
DA:54,18
DA:56,67
DA:57,67
DA:58,67
DA:59,67
DA:61,55
DA:62,55
DA:63,3
DA:64,52
DA:65,52
DA:66,52
DA:67,3
DA:68,49
DA:69,49
DA:70,49
DA:71,55
DA:73,114
DA:74,114
DA:75,114
DA:77,7
DA:78,7
DA:79,7
DA:80,7
DA:83,51
DA:84,51
DA:85,4
DA:86,47
DA:87,47
DA:88,47
DA:89,47
DA:90,30
DA:91,47
DA:92,4
DA:93,47
DA:94,1
DA:95,47
DA:96,12
DA:97,47
DA:98,47
DA:100,30
DA:101,30
DA:102,30
DA:103,30
DA:104,30
DA:105,1
DA:106,29
DA:107,29
DA:108,29
DA:109,29
DA:110,20
DA:111,29
DA:112,1
DA:113,29
DA:114,4
DA:115,4
DA:116,29
DA:117,1
DA:118,1
DA:119,29
DA:120,3
DA:121,29
DA:122,29
DA:123,29
DA:124,29
DA:126,108
DA:127,108
DA:128,108
DA:131,27
DA:132,27
DA:133,26
DA:134,27
DA:135,27
DA:146,2
DA:147,2
DA:148,2
DA:149,2
DA:150,2
DA:151,2
DA:152,2
BRF:0
BRH:0
LF:115
LH:114
end_of_record
SF:/Users/maartene/Developer/Swift Programming/DCJam2025/Sources/Model/WorldHelpers.swift
FN:8,$s5Model9makeWorld4fromAA0C0CSaySSG_tF
FN:9,$s5Model9makeWorld4fromAA0C0CSaySSG_tFAA5FloorV5floor_AA10CoordinateVSg13startPositiontSSXEfU_
FN:10,$s5Model9makeWorld4fromAA0C0CSaySSG_tFShyAA5EnemyCGSSXEfU0_
FN:11,$s5Model9makeWorld4fromAA0C0CSaySSG_tFAA5FloorVAH5floor_AA10CoordinateVSg13startPositiont_tXEfU1_
FN:13,$s5Model9makeWorld4fromAA0C0CSaySSG_tFAA10CoordinateVSgAA5FloorV5floor_AI13startPositiont_tXEfU2_
FN:14,$s5Model9makeWorld4fromAA0C0CSaySSG_tFAA10CoordinateVyKXEfu_
FN:18,$s5Model9makeWorld4fromAA0C0CSaySSG_tF018convertFloorPlanToF16AndStartpositionL_yAA0F0V5floor_AA10CoordinateVSg13startPositiontSSF
FN:26,$s5Model9makeWorld4fromAA0C0CSaySSG_tF25convertFloorPlanToEnemiesL_yShyAA5EnemyCGSSF
FN:50,$s5Model9makeWorld4fromAA0C0CSaySSG_tF23convertStringTomapArrayL_ySaySaySJGGSSF
FN:65,$s5Model9makeWorld4fromAA0C0CSaySSG_tF22determineStartPositionL_yAA10CoordinateVSgSaySaySJGGF
FN:78,$s5Model8printMap3mapySDyAA10CoordinateVSiG_tF
FNDA:33,$s5Model9makeWorld4fromAA0C0CSaySSG_tF
FNDA:35,$s5Model9makeWorld4fromAA0C0CSaySSG_tFAA5FloorV5floor_AA10CoordinateVSg13startPositiontSSXEfU_
FNDA:35,$s5Model9makeWorld4fromAA0C0CSaySSG_tFShyAA5EnemyCGSSXEfU0_
FNDA:35,$s5Model9makeWorld4fromAA0C0CSaySSG_tFAA5FloorVAH5floor_AA10CoordinateVSg13startPositiont_tXEfU1_
FNDA:35,$s5Model9makeWorld4fromAA0C0CSaySSG_tFAA10CoordinateVSgAA5FloorV5floor_AI13startPositiont_tXEfU2_
FNDA:30,$s5Model9makeWorld4fromAA0C0CSaySSG_tFAA10CoordinateVyKXEfu_
FNDA:35,$s5Model9makeWorld4fromAA0C0CSaySSG_tF018convertFloorPlanToF16AndStartpositionL_yAA0F0V5floor_AA10CoordinateVSg13startPositiontSSF
FNDA:35,$s5Model9makeWorld4fromAA0C0CSaySSG_tF25convertFloorPlanToEnemiesL_yShyAA5EnemyCGSSF
FNDA:70,$s5Model9makeWorld4fromAA0C0CSaySSG_tF23convertStringTomapArrayL_ySaySaySJGGSSF
FNDA:35,$s5Model9makeWorld4fromAA0C0CSaySSG_tF22determineStartPositionL_yAA10CoordinateVSgSaySaySJGGF
FNDA:0,$s5Model8printMap3mapySDyAA10CoordinateVSiG_tF
FNF:11
FNH:10
DA:8,33
DA:9,35
DA:10,35
DA:11,35
DA:12,33
DA:13,35
DA:14,33
DA:15,33
DA:16,33
DA:17,33
DA:18,35
DA:19,35
DA:20,35
DA:21,35
DA:22,35
DA:23,35
DA:24,35
DA:25,33
DA:26,35
DA:27,35
DA:28,35
DA:29,35
DA:30,69
DA:31,187
DA:32,187
DA:33,187
DA:34,23
DA:35,187
DA:36,4
DA:37,187
DA:38,1
DA:39,187
DA:40,1
DA:41,187
DA:42,160
DA:43,189
DA:44,189
DA:45,71
DA:46,37
DA:47,37
DA:48,35
DA:49,33
DA:50,70
DA:51,70
DA:52,70
DA:53,70
DA:54,140
DA:55,140
DA:56,378
DA:57,378
DA:58,378
DA:59,140
DA:60,140
DA:61,70
DA:62,70
DA:63,70
DA:64,33
DA:65,35
DA:66,65
DA:67,166
DA:68,166
DA:69,3
DA:70,163
DA:71,163
DA:72,62
DA:73,32
DA:74,32
DA:75,35
DA:76,33
DA:78,0
DA:79,0
DA:80,0
DA:81,0
DA:82,0
DA:83,0
DA:84,0
DA:85,0
DA:86,0
DA:87,0
DA:88,0
DA:89,0
DA:90,0
BRF:0
BRH:0
LF:142
LH:129
end_of_record
SF:/Users/maartene/Developer/Swift Programming/DCJam2025/Tests/DCJam2025Tests/EnemyTests.swift
FN:13,$s14DCJam2025Tests010MeleeEnemyB0V25enemiesAttackPartyMembersyyF
FN:27,$s14DCJam2025Tests010MeleeEnemyB0V39enemiesDontAttackPartyMembersOutOfRangeyyF
FN:41,$s14DCJam2025Tests010MeleeEnemyB0V31enemiesDontAttackDuringCooldownyyF
FN:53,$s14DCJam2025Tests010MeleeEnemyB0V36enemiesAttackAfterCooldownHasExpiredyyF
FN:65,$s14DCJam2025Tests010MeleeEnemyB0V34enemiesOnlyAttackAlivePartyMembersyyF
FN:76,$s14DCJam2025Tests010MeleeEnemyB0V041enemiesRotateTowardsPartyWhenItsNotFacingH0yyKF
FN:89,$s14DCJam2025Tests010MeleeEnemyB0V21deadEnemiesDontAttackyyF
FN:102,$s14DCJam2025Tests011RangedEnemyB0V43rangedEnemiesAttackPartyMembersInTheBackRowyyF
FN:117,$s14DCJam2025Tests011RangedEnemyB0V53rangedEnemiesAttackPartyMembersThatAreOutOfMeleeRangeyyF
FN:128,$s14DCJam2025Tests011RangedEnemyB0V54rangedEnemiesCannotAttackPartyMembersThatAreOutOfRangeyyF
FN:139,$s14DCJam2025Tests011RangedEnemyB0V036rangedEnemiesDealLessDamageThanMeleeF0yyF
FN:156,$s14DCJam2025Tests010MagicEnemyB0V35magicEnemiesHitMultiplePartyMembersyyF
FN:162,$s14DCJam2025Tests010MagicEnemyB0V35magicEnemiesHitMultiplePartyMembersyyFSi5Model0I6MemberCXEfU_
FN:166,$s14DCJam2025Tests010MagicEnemyB0V35magicEnemiesHitMultiplePartyMembersyyFSi5Model0I6MemberCXEfU0_
FN:169,$s14DCJam2025Tests010MagicEnemyB0V35magicEnemiesHitMultiplePartyMembersyyFSbSi_Sit_tXEfU1_
FN:176,$s14DCJam2025Tests013PracticeDummyB0V9notAttackyyF
FN:192,$s14DCJam2025Tests013EnemyMovementB0V23enemiesMoveTowardsPartyyyKF
FN:203,$s14DCJam2025Tests013EnemyMovementB0V31enemiesFindAPathTowardsThePartyyyKF
FN:232,$s14DCJam2025Tests013EnemyMovementB0V24rotatingConsumesCooldownyyKF
FN:247,$s14DCJam2025Tests013EnemyMovementB0V22movingConsumesCooldownyyKF
FN:259,$s14DCJam2025Tests013EnemyMovementB0V30enemiesOnlyMoveWithLineOfSightyyKF
FN:278,$s14DCJam2025Tests19sumHPOfPartyMembers33_FBDD4A0718139C04EF05555C0579929ELL2inSi5Model5WorldC_tF
FN:280,$s14DCJam2025Tests19sumHPOfPartyMembers33_FBDD4A0718139C04EF05555C0579929ELL2inSi5Model5WorldC_tFSiAE0E6MemberCXEfU_
FN:281,$s14DCJam2025Tests19sumHPOfPartyMembers33_FBDD4A0718139C04EF05555C0579929ELL2inSi5Model5WorldC_tFS2i_SitYbcfu_
FN:284,$s14DCJam2025Tests28sumHPOfPartyMembersInBackRow33_FBDD4A0718139C04EF05555C0579929ELL2inSi5Model5WorldC_tF
FN:286,$s14DCJam2025Tests28sumHPOfPartyMembersInBackRow33_FBDD4A0718139C04EF05555C0579929ELL2inSi5Model5WorldC_tFSiAE0E6MemberCXEfU_
FN:287,$s14DCJam2025Tests28sumHPOfPartyMembersInBackRow33_FBDD4A0718139C04EF05555C0579929ELL2inSi5Model5WorldC_tFS2i_SitYbcfu_
FNDA:1,$s14DCJam2025Tests010MeleeEnemyB0V25enemiesAttackPartyMembersyyF
FNDA:1,$s14DCJam2025Tests010MeleeEnemyB0V39enemiesDontAttackPartyMembersOutOfRangeyyF
FNDA:1,$s14DCJam2025Tests010MeleeEnemyB0V31enemiesDontAttackDuringCooldownyyF
FNDA:1,$s14DCJam2025Tests010MeleeEnemyB0V36enemiesAttackAfterCooldownHasExpiredyyF
FNDA:1,$s14DCJam2025Tests010MeleeEnemyB0V34enemiesOnlyAttackAlivePartyMembersyyF
FNDA:1,$s14DCJam2025Tests010MeleeEnemyB0V041enemiesRotateTowardsPartyWhenItsNotFacingH0yyKF
FNDA:1,$s14DCJam2025Tests010MeleeEnemyB0V21deadEnemiesDontAttackyyF
FNDA:1,$s14DCJam2025Tests011RangedEnemyB0V43rangedEnemiesAttackPartyMembersInTheBackRowyyF
FNDA:1,$s14DCJam2025Tests011RangedEnemyB0V53rangedEnemiesAttackPartyMembersThatAreOutOfMeleeRangeyyF
FNDA:1,$s14DCJam2025Tests011RangedEnemyB0V54rangedEnemiesCannotAttackPartyMembersThatAreOutOfRangeyyF
FNDA:1,$s14DCJam2025Tests011RangedEnemyB0V036rangedEnemiesDealLessDamageThanMeleeF0yyF
FNDA:1,$s14DCJam2025Tests010MagicEnemyB0V35magicEnemiesHitMultiplePartyMembersyyF
FNDA:4,$s14DCJam2025Tests010MagicEnemyB0V35magicEnemiesHitMultiplePartyMembersyyFSi5Model0I6MemberCXEfU_
FNDA:4,$s14DCJam2025Tests010MagicEnemyB0V35magicEnemiesHitMultiplePartyMembersyyFSi5Model0I6MemberCXEfU0_
FNDA:4,$s14DCJam2025Tests010MagicEnemyB0V35magicEnemiesHitMultiplePartyMembersyyFSbSi_Sit_tXEfU1_
FNDA:1,$s14DCJam2025Tests013PracticeDummyB0V9notAttackyyF
FNDA:1,$s14DCJam2025Tests013EnemyMovementB0V23enemiesMoveTowardsPartyyyKF
FNDA:1,$s14DCJam2025Tests013EnemyMovementB0V31enemiesFindAPathTowardsThePartyyyKF
FNDA:1,$s14DCJam2025Tests013EnemyMovementB0V24rotatingConsumesCooldownyyKF
FNDA:1,$s14DCJam2025Tests013EnemyMovementB0V22movingConsumesCooldownyyKF
FNDA:1,$s14DCJam2025Tests013EnemyMovementB0V30enemiesOnlyMoveWithLineOfSightyyKF
FNDA:22,$s14DCJam2025Tests19sumHPOfPartyMembers33_FBDD4A0718139C04EF05555C0579929ELL2inSi5Model5WorldC_tF
FNDA:87,$s14DCJam2025Tests19sumHPOfPartyMembers33_FBDD4A0718139C04EF05555C0579929ELL2inSi5Model5WorldC_tFSiAE0E6MemberCXEfU_
FNDA:86,$s14DCJam2025Tests19sumHPOfPartyMembers33_FBDD4A0718139C04EF05555C0579929ELL2inSi5Model5WorldC_tFS2i_SitYbcfu_
FNDA:2,$s14DCJam2025Tests28sumHPOfPartyMembersInBackRow33_FBDD4A0718139C04EF05555C0579929ELL2inSi5Model5WorldC_tF
FNDA:4,$s14DCJam2025Tests28sumHPOfPartyMembersInBackRow33_FBDD4A0718139C04EF05555C0579929ELL2inSi5Model5WorldC_tFSiAE0E6MemberCXEfU_
FNDA:4,$s14DCJam2025Tests28sumHPOfPartyMembersInBackRow33_FBDD4A0718139C04EF05555C0579929ELL2inSi5Model5WorldC_tFS2i_SitYbcfu_
FNF:27
FNH:27
DA:13,1
DA:14,1
DA:15,1
DA:16,1
DA:17,1
DA:18,1
DA:19,1
DA:20,1
DA:21,1
DA:22,1
DA:23,1
DA:24,1
DA:25,1
DA:27,1
DA:28,1
DA:29,1
DA:30,1
DA:31,1
DA:32,1
DA:33,1
DA:34,1
DA:35,1
DA:36,1
DA:37,1
DA:38,1
DA:39,1
DA:41,1
DA:42,1
DA:43,1
DA:44,1
DA:45,1
DA:46,1
DA:47,1
DA:48,1
DA:49,1
DA:50,1
DA:51,1
DA:53,1
DA:54,1
DA:55,1
DA:56,1
DA:57,1
DA:58,1
DA:59,1
DA:60,1
DA:61,1
DA:62,1
DA:63,1
DA:65,1
DA:66,1
DA:67,1
DA:68,1
DA:69,1
DA:70,1
DA:71,1
DA:72,1
DA:73,1
DA:74,1
DA:76,1
DA:77,1
DA:78,1
DA:79,1
DA:80,1
DA:81,1
DA:82,1
DA:83,1
DA:84,1
DA:85,1
DA:86,1
DA:87,1
DA:89,1
DA:90,1
DA:91,1
DA:92,1
DA:93,1
DA:94,1
DA:95,1
DA:96,1
DA:97,1
DA:98,1
DA:102,1
DA:103,1
DA:104,1
DA:105,1
DA:106,1
DA:107,1
DA:108,1
DA:109,1
DA:110,1
DA:111,1
DA:112,1
DA:113,1
DA:114,1
DA:115,1
DA:117,1
DA:118,1
DA:119,1
DA:120,1
DA:121,1
DA:122,1
DA:123,1
DA:124,1
DA:125,1
DA:126,1
DA:128,1
DA:129,1
DA:130,1
DA:131,1
DA:132,1
DA:133,1
DA:134,1
DA:135,1
DA:136,1
DA:137,1
DA:139,1
DA:140,1
DA:141,1
DA:142,1
DA:143,1
DA:144,1
DA:145,1
DA:146,1
DA:147,1
DA:148,1
DA:149,1
DA:150,1
DA:151,1
DA:152,1
DA:156,1
DA:157,1
DA:158,1
DA:159,1
DA:160,1
DA:161,1
DA:162,4
DA:163,1
DA:164,1
DA:165,1
DA:166,4
DA:167,1
DA:168,1
DA:169,4
DA:170,1
DA:171,1
DA:172,1
DA:176,1
DA:177,1
DA:178,1
DA:179,1
DA:180,1
DA:181,1
DA:182,1
DA:183,1
DA:184,1
DA:185,1
DA:186,1
DA:187,1
DA:188,1
DA:192,1
DA:193,1
DA:194,1
DA:195,1
DA:196,1
DA:197,1
DA:198,1
DA:199,1
DA:200,1
DA:201,1
DA:203,1
DA:204,1
DA:205,1
DA:206,1
DA:207,1
DA:208,1
DA:209,1
DA:210,1
DA:211,1
DA:212,1
DA:213,1
DA:214,1
DA:215,1
DA:216,1
DA:217,1
DA:218,1
DA:219,1
DA:220,1
DA:221,1
DA:222,1
DA:223,1
DA:224,1
DA:225,1
DA:226,1
DA:227,1
DA:228,1
DA:229,1
DA:230,1
DA:232,1
DA:233,1
DA:234,1
DA:235,1
DA:236,1
DA:237,1
DA:238,1
DA:239,1
DA:240,1
DA:241,1
DA:242,1
DA:243,1
DA:244,1
DA:245,1
DA:247,1
DA:248,1
DA:249,1
DA:250,1
DA:251,1
DA:252,1
DA:253,1
DA:254,1
DA:255,1
DA:256,1
DA:257,1
DA:259,1
DA:260,1
DA:261,1
DA:262,1
DA:263,1
DA:264,1
DA:265,1
DA:266,1
DA:267,1
DA:268,1
DA:269,1
DA:270,1
DA:271,1
DA:272,1
DA:273,1
DA:278,22
DA:279,22
DA:280,87
DA:281,86
DA:282,22
DA:284,2
DA:285,2
DA:286,4
DA:287,4
DA:288,2
BRF:0
BRH:0
LF:253
LH:253
end_of_record
SF:/Users/maartene/Developer/Swift Programming/DCJam2025/Tests/DCJam2025Tests/EquipmentTests.swift
FN:6,$s14DCJam2025Tests09EquipmentB0V14NewPartyMemberV03neweF12HasBareHandsyyF
FN:12,$s14DCJam2025Tests09EquipmentB0V14NewPartyMemberV20equipTwoHandedWeaponyyF
FN:23,$s14DCJam2025Tests09EquipmentB0V30PartyMemberWithTwoHandedWeaponV05partyE05Model0dE0Cvpfi
FN:23,$s14DCJam2025Tests09EquipmentB0V30PartyMemberWithTwoHandedWeaponV05partyE05Model0dE0CvpfiAIyXEfU_
FN:29,$s14DCJam2025Tests09EquipmentB0V30PartyMemberWithTwoHandedWeaponV012equipsSinglehI13OtherHandBareyyF
FNDA:1,$s14DCJam2025Tests09EquipmentB0V14NewPartyMemberV03neweF12HasBareHandsyyF
FNDA:1,$s14DCJam2025Tests09EquipmentB0V14NewPartyMemberV20equipTwoHandedWeaponyyF
FNDA:1,$s14DCJam2025Tests09EquipmentB0V30PartyMemberWithTwoHandedWeaponV05partyE05Model0dE0Cvpfi
FNDA:1,$s14DCJam2025Tests09EquipmentB0V30PartyMemberWithTwoHandedWeaponV05partyE05Model0dE0CvpfiAIyXEfU_
FNDA:1,$s14DCJam2025Tests09EquipmentB0V30PartyMemberWithTwoHandedWeaponV012equipsSinglehI13OtherHandBareyyF
FNF:4
FNH:4
DA:6,1
DA:7,1
DA:8,1
DA:9,1
DA:10,1
DA:12,1
DA:13,1
DA:14,1
DA:15,1
DA:16,1
DA:17,1
DA:18,1
DA:19,1
DA:23,1
DA:24,1
DA:25,1
DA:26,1
DA:27,1
DA:29,1
DA:30,1
DA:31,1
DA:32,1
DA:33,1
DA:34,1
BRF:0
BRH:0
LF:24
LH:24
end_of_record
SF:/Users/maartene/Developer/Swift Programming/DCJam2025/Tests/DCJam2025Tests/ImportWorldTests.swift
FN:13,$s14DCJam2025Tests011ImportWorldB0V011singleFloorD0yyF
FN:34,$s14DCJam2025Tests011ImportWorldB0V013multipleFloorD0yyF
FN:75,$s14DCJam2025Tests011ImportWorldB0V19assumeStartPositionyyF
FN:87,$s14DCJam2025Tests011ImportWorldB0V38floorDescriptionIsStringRepresentationyyF
FN:102,$s14DCJam2025Tests011ImportWorldB0V23enemiesAreBoundToAFlooryyF
FNDA:1,$s14DCJam2025Tests011ImportWorldB0V011singleFloorD0yyF
FNDA:1,$s14DCJam2025Tests011ImportWorldB0V013multipleFloorD0yyF
FNDA:1,$s14DCJam2025Tests011ImportWorldB0V19assumeStartPositionyyF
FNDA:1,$s14DCJam2025Tests011ImportWorldB0V38floorDescriptionIsStringRepresentationyyF
FNDA:1,$s14DCJam2025Tests011ImportWorldB0V23enemiesAreBoundToAFlooryyF
FNF:5
FNH:5
DA:13,1
DA:14,1
DA:15,1
DA:16,1
DA:17,1
DA:18,1
DA:19,1
DA:20,1
DA:21,1
DA:22,1
DA:23,1
DA:24,1
DA:25,1
DA:26,1
DA:27,1
DA:28,1
DA:29,1
DA:30,1
DA:31,1
DA:32,1
DA:34,1
DA:35,1
DA:36,1
DA:37,1
DA:38,1
DA:39,1
DA:40,1
DA:41,1
DA:42,1
DA:43,1
DA:44,1
DA:45,1
DA:46,1
DA:47,1
DA:48,1
DA:49,1
DA:50,1
DA:51,1
DA:52,1
DA:53,1
DA:54,1
DA:55,1
DA:56,1
DA:57,1
DA:58,1
DA:59,1
DA:60,1
DA:61,1
DA:62,1
DA:63,1
DA:64,1
DA:65,1
DA:66,1
DA:67,1
DA:68,1
DA:69,1
DA:70,1
DA:71,1
DA:72,1
DA:73,1
DA:75,1
DA:76,1
DA:77,1
DA:78,1
DA:79,1
DA:80,1
DA:81,1
DA:82,1
DA:83,1
DA:84,1
DA:85,1
DA:87,1
DA:88,1
DA:89,1
DA:90,1
DA:91,1
DA:92,1
DA:93,1
DA:94,1
DA:95,1
DA:96,1
DA:97,1
DA:98,1
DA:99,1
DA:100,1
DA:102,1
DA:103,1
DA:104,1
DA:105,1
DA:106,1
DA:107,1
DA:108,1
DA:109,1
DA:110,1
DA:111,1
DA:112,1
DA:113,1
BRF:0
BRH:0
LF:97
LH:97
end_of_record
SF:/Users/maartene/Developer/Swift Programming/DCJam2025/Tests/DCJam2025Tests/LostConditionTests.swift
FN:13,$s14DCJam2025Tests013LostConditionB0V20worldWithSingleFloor5Model5WorldCvpfi
FN:15,$s14DCJam2025Tests013LostConditionB0V37loseWhenAllPartyMembersAreUnconsciousyyF
FN:21,$s14DCJam2025Tests013LostConditionB0V03notC32WhenAtLeastOnePartyMemberIsAliveyyF
FN:29,$s14DCJam2025Tests013LostConditionB0V33losingGameMakesMovementImpossibleyyF
FN:37,$s14DCJam2025Tests013LostConditionB0V33losingGameMakesRotationImpossibleyyF
FN:45,$s14DCJam2025Tests013LostConditionB0V30makeWorldWithUnconciousPlayers33_24FD18A9847045F97ABDC21C39D41B72LL5Model0F0CyF
FN:49,$s14DCJam2025Tests013LostConditionB0V30makeWorldWithUnconciousPlayers33_24FD18A9847045F97ABDC21C39D41B72LL5Model0F0CyFyAF11PartyMemberCXEfU_
FNDA:4,$s14DCJam2025Tests013LostConditionB0V20worldWithSingleFloor5Model5WorldCvpfi
FNDA:1,$s14DCJam2025Tests013LostConditionB0V37loseWhenAllPartyMembersAreUnconsciousyyF
FNDA:1,$s14DCJam2025Tests013LostConditionB0V03notC32WhenAtLeastOnePartyMemberIsAliveyyF
FNDA:1,$s14DCJam2025Tests013LostConditionB0V33losingGameMakesMovementImpossibleyyF
FNDA:1,$s14DCJam2025Tests013LostConditionB0V33losingGameMakesRotationImpossibleyyF
FNDA:3,$s14DCJam2025Tests013LostConditionB0V30makeWorldWithUnconciousPlayers33_24FD18A9847045F97ABDC21C39D41B72LL5Model0F0CyF
FNDA:12,$s14DCJam2025Tests013LostConditionB0V30makeWorldWithUnconciousPlayers33_24FD18A9847045F97ABDC21C39D41B72LL5Model0F0CyFyAF11PartyMemberCXEfU_
FNF:7
FNH:7
DA:13,4
DA:15,1
DA:16,1
DA:17,1
DA:18,1
DA:19,1
DA:21,1
DA:22,1
DA:23,1
DA:24,1
DA:25,1
DA:26,1
DA:27,1
DA:29,1
DA:30,1
DA:31,1
DA:32,1
DA:33,1
DA:34,1
DA:35,1
DA:37,1
DA:38,1
DA:39,1
DA:40,1
DA:41,1
DA:42,1
DA:43,1
DA:45,3
DA:46,3
DA:47,3
DA:48,3
DA:49,12
DA:50,3
DA:51,3
DA:52,3
BRF:0
BRH:0
LF:36
LH:36
end_of_record
SF:/Users/maartene/Developer/Swift Programming/DCJam2025/Tests/DCJam2025Tests/MappingTests.swift
FN:13,$s14DCJam2025Tests07MappingB0V20worldWithSingleFloor5Model5WorldCvpfi
FN:15,$s14DCJam2025Tests07MappingB0V11newWorldMapyyF
FN:31,$s14DCJam2025Tests07MappingB0V15newTilesVisitedyyF
FN:52,$s14DCJam2025Tests07MappingB0V27visitedTilesResetOnNewFlooryyF
FNDA:3,$s14DCJam2025Tests07MappingB0V20worldWithSingleFloor5Model5WorldCvpfi
FNDA:1,$s14DCJam2025Tests07MappingB0V11newWorldMapyyF
FNDA:1,$s14DCJam2025Tests07MappingB0V15newTilesVisitedyyF
FNDA:1,$s14DCJam2025Tests07MappingB0V27visitedTilesResetOnNewFlooryyF
FNF:4
FNH:4
DA:13,3
DA:15,1
DA:16,1
DA:17,1
DA:18,1
DA:19,1
DA:20,1
DA:21,1
DA:22,1
DA:23,1
DA:24,1
DA:25,1
DA:26,1
DA:27,1
DA:28,1
DA:29,1
DA:31,1
DA:32,1
DA:33,1
DA:34,1
DA:35,1
DA:36,1
DA:37,1
DA:38,1
DA:39,1
DA:40,1
DA:41,1
DA:42,1
DA:43,1
DA:44,1
DA:45,1
DA:46,1
DA:47,1
DA:48,1
DA:49,1
DA:50,1
DA:52,1
DA:53,1
DA:54,1
DA:55,1
DA:56,1
DA:57,1
DA:58,1
DA:59,1
DA:60,1
DA:61,1
DA:62,1
DA:63,1
DA:64,1
DA:65,1
DA:66,1
DA:67,1
DA:68,1
DA:69,1
DA:70,1
BRF:0
BRH:0
LF:55
LH:55
end_of_record
SF:/Users/maartene/Developer/Swift Programming/DCJam2025/Tests/DCJam2025Tests/MovementTests.swift
FN:6,$s14DCJam2025Tests013PartyMovementB0V20worldWithSingleFloor5Model5WorldCvpfi
FN:13,$s14DCJam2025Tests013PartyMovementB0V04moveC7Forward8testcasey5Model0D9DirectionO9direction_AF10CoordinateV16expectedPositiont_tF
FN:19,$s14DCJam2025Tests013PartyMovementB0V04moveC12ForwardTwiceyyF
FN:26,$s14DCJam2025Tests013PartyMovementB0V13moveInACircleyyF
FN:41,$s14DCJam2025Tests013PartyMovementB0V31movementTakesHeadingIntoAccount8testcasey5Model10CoordinateV13startPosition_AF16CompassDirectionO7headingAF0dP0O0eP0AH08expectedN0t_tF
FN:49,$s14DCJam2025Tests013PartyMovementB0V22cannotMoveThroughWallsyyF
FN:62,$s14DCJam2025Tests013PartyMovementB0V24cannotMoveThroughEnemiesyyF
FN:72,$s14DCJam2025Tests013PartyMovementB0V21moveThroughKOdEnemiesyyKF
FN:87,$s14DCJam2025Tests013PartyRotationB0V20worldWithSingleFloor5Model5WorldCvpfi
FN:89,$s14DCJam2025Tests013PartyRotationB0V25partyInNewWorldFacesNorthyyF
FN:93,$s14DCJam2025Tests013PartyRotationB0V17turnClockwiseOnceyyF
FN:99,$s14DCJam2025Tests013PartyRotationB0V23turnClockwiseThreeTimesyyF
FN:107,$s14DCJam2025Tests013PartyRotationB0V20turnCounterClockwiseyyF
FN:115,$s14DCJam2025Tests013MultipleLevelB0V22newPartyStartsAtFloor0yyF
FN:126,$s14DCJam2025Tests013MultipleLevelB0V18partyMovesUpStairsyyF
FN:139,$s14DCJam2025Tests013MultipleLevelB0V25partyMovesUpAndDownStairsyyF
FNDA:14,$s14DCJam2025Tests013PartyMovementB0V20worldWithSingleFloor5Model5WorldCvpfi
FNDA:4,$s14DCJam2025Tests013PartyMovementB0V04moveC7Forward8testcasey5Model0D9DirectionO9direction_AF10CoordinateV16expectedPositiont_tF
FNDA:1,$s14DCJam2025Tests013PartyMovementB0V04moveC12ForwardTwiceyyF
FNDA:1,$s14DCJam2025Tests013PartyMovementB0V13moveInACircleyyF
FNDA:5,$s14DCJam2025Tests013PartyMovementB0V31movementTakesHeadingIntoAccount8testcasey5Model10CoordinateV13startPosition_AF16CompassDirectionO7headingAF0dP0O0eP0AH08expectedN0t_tF
FNDA:1,$s14DCJam2025Tests013PartyMovementB0V22cannotMoveThroughWallsyyF
FNDA:1,$s14DCJam2025Tests013PartyMovementB0V24cannotMoveThroughEnemiesyyF
FNDA:1,$s14DCJam2025Tests013PartyMovementB0V21moveThroughKOdEnemiesyyKF
FNDA:4,$s14DCJam2025Tests013PartyRotationB0V20worldWithSingleFloor5Model5WorldCvpfi
FNDA:1,$s14DCJam2025Tests013PartyRotationB0V25partyInNewWorldFacesNorthyyF
FNDA:1,$s14DCJam2025Tests013PartyRotationB0V17turnClockwiseOnceyyF
FNDA:1,$s14DCJam2025Tests013PartyRotationB0V23turnClockwiseThreeTimesyyF
FNDA:1,$s14DCJam2025Tests013PartyRotationB0V20turnCounterClockwiseyyF
FNDA:1,$s14DCJam2025Tests013MultipleLevelB0V22newPartyStartsAtFloor0yyF
FNDA:1,$s14DCJam2025Tests013MultipleLevelB0V18partyMovesUpStairsyyF
FNDA:1,$s14DCJam2025Tests013MultipleLevelB0V25partyMovesUpAndDownStairsyyF
FNF:16
FNH:16
DA:6,14
DA:13,4
DA:14,4
DA:15,4
DA:16,4
DA:17,4
DA:19,1
DA:20,1
DA:21,1
DA:22,1
DA:23,1
DA:24,1
DA:26,1
DA:27,1
DA:28,1
DA:29,1
DA:30,1
DA:31,1
DA:32,1
DA:33,1
DA:41,5
DA:42,5
DA:43,5
DA:44,5
DA:45,5
DA:46,5
DA:47,5
DA:49,1
DA:50,1
DA:51,1
DA:52,1
DA:53,1
DA:54,1
DA:55,1
DA:56,1
DA:57,1
DA:58,1
DA:59,1
DA:60,1
DA:62,1
DA:63,1
DA:64,1
DA:65,1
DA:66,1
DA:67,1
DA:68,1
DA:69,1
DA:70,1
DA:72,1
DA:73,1
DA:74,1
DA:75,1
DA:76,1
DA:77,1
DA:78,1
DA:79,1
DA:80,1
DA:81,1
DA:82,1
DA:83,1
DA:87,4
DA:89,1
DA:90,1
DA:91,1
DA:93,1
DA:94,1
DA:95,1
DA:96,1
DA:97,1
DA:99,1
DA:100,1
DA:101,1
DA:102,1
DA:103,1
DA:104,1
DA:105,1
DA:107,1
DA:108,1
DA:109,1
DA:110,1
DA:111,1
DA:115,1
DA:116,1
DA:117,1
DA:118,1
DA:119,1
DA:120,1
DA:121,1
DA:122,1
DA:123,1
DA:124,1
DA:126,1
DA:127,1
DA:128,1
DA:129,1
DA:130,1
DA:131,1
DA:132,1
DA:133,1
DA:134,1
DA:135,1
DA:136,1
DA:137,1
DA:139,1
DA:140,1
DA:141,1
DA:142,1
DA:143,1
DA:144,1
DA:145,1
DA:146,1
DA:147,1
DA:148,1
DA:149,1
DA:150,1
DA:151,1
DA:152,1
BRF:0
BRH:0
LF:117
LH:117
end_of_record
SF:/Users/maartene/Developer/Swift Programming/DCJam2025/Tests/DCJam2025Tests/PartyAttackTests.swift
FN:8,$s14DCJam2025Tests011PartyAttackB0V12MeleeAttacksV0C13IsCloseEnoughV5world5Model5WorldCvpfi
FN:15,$s14DCJam2025Tests011PartyAttackB0V12MeleeAttacksV0C13IsCloseEnoughV03canD5EnemyyyF
FN:19,$s14DCJam2025Tests011PartyAttackB0V12MeleeAttacksV0C13IsCloseEnoughV012enemyDamagesC0yyKF
FN:29,$s14DCJam2025Tests011PartyAttackB0V12MeleeAttacksV0C13IsCloseEnoughV05meleeD24FromFrontRowDamagesEnemyyyKF
FN:39,$s14DCJam2025Tests011PartyAttackB0V12MeleeAttacksV0C13IsCloseEnoughV05meleeD32WhenInCooldownDoesNotDamageEnemyyyKF
FN:51,$s14DCJam2025Tests011PartyAttackB0V12MeleeAttacksV0C13IsCloseEnoughV05meleeD24WhenKoDoesNotDamageEnemyyyKF
FN:64,$s14DCJam2025Tests011PartyAttackB0V12MeleeAttacksV0C13IsCloseEnoughV020secondaryHandCanAlsoD0yyKF
FN:76,$s14DCJam2025Tests011PartyAttackB0V12MeleeAttacksV05partyF29EnemiesOutOfRangeDoesNoDamageyyKF
FN:94,$s14DCJam2025Tests011PartyAttackB0V12MeleeAttacksV05meleeD29FromBackRowDoesNotDamageEnemyyyKF
FN:115,$s14DCJam2025Tests011PartyAttackB0V13RangedAttacksV25shouldUseATwoHandedWeaponyyF
FN:121,$s14DCJam2025Tests011PartyAttackB0V13RangedAttacksV21hitEnemiesFurtherAwayyyKF
FN:138,$s14DCJam2025Tests011PartyAttackB0V13RangedAttacksV21hitEnemiesInFrontOfItyyKF
FN:153,$s14DCJam2025Tests011PartyAttackB0V05MagicC13MembersShouldV24hitMultipleEnemiesAtOnceyyKF
FN:162,$s14DCJam2025Tests011PartyAttackB0V05MagicC13MembersShouldV24hitMultipleEnemiesAtOnceyyKFySDy5Model5EnemyCSiGz_AItXEfU_
FNDA:6,$s14DCJam2025Tests011PartyAttackB0V12MeleeAttacksV0C13IsCloseEnoughV5world5Model5WorldCvpfi
FNDA:1,$s14DCJam2025Tests011PartyAttackB0V12MeleeAttacksV0C13IsCloseEnoughV03canD5EnemyyyF
FNDA:1,$s14DCJam2025Tests011PartyAttackB0V12MeleeAttacksV0C13IsCloseEnoughV012enemyDamagesC0yyKF
FNDA:1,$s14DCJam2025Tests011PartyAttackB0V12MeleeAttacksV0C13IsCloseEnoughV05meleeD24FromFrontRowDamagesEnemyyyKF
FNDA:1,$s14DCJam2025Tests011PartyAttackB0V12MeleeAttacksV0C13IsCloseEnoughV05meleeD32WhenInCooldownDoesNotDamageEnemyyyKF
FNDA:1,$s14DCJam2025Tests011PartyAttackB0V12MeleeAttacksV0C13IsCloseEnoughV05meleeD24WhenKoDoesNotDamageEnemyyyKF
FNDA:1,$s14DCJam2025Tests011PartyAttackB0V12MeleeAttacksV0C13IsCloseEnoughV020secondaryHandCanAlsoD0yyKF
FNDA:1,$s14DCJam2025Tests011PartyAttackB0V12MeleeAttacksV05partyF29EnemiesOutOfRangeDoesNoDamageyyKF
FNDA:1,$s14DCJam2025Tests011PartyAttackB0V12MeleeAttacksV05meleeD29FromBackRowDoesNotDamageEnemyyyKF
FNDA:1,$s14DCJam2025Tests011PartyAttackB0V13RangedAttacksV25shouldUseATwoHandedWeaponyyF
FNDA:1,$s14DCJam2025Tests011PartyAttackB0V13RangedAttacksV21hitEnemiesFurtherAwayyyKF
FNDA:1,$s14DCJam2025Tests011PartyAttackB0V13RangedAttacksV21hitEnemiesInFrontOfItyyKF
FNDA:1,$s14DCJam2025Tests011PartyAttackB0V05MagicC13MembersShouldV24hitMultipleEnemiesAtOnceyyKF
FNDA:2,$s14DCJam2025Tests011PartyAttackB0V05MagicC13MembersShouldV24hitMultipleEnemiesAtOnceyyKFySDy5Model5EnemyCSiGz_AItXEfU_
FNF:14
FNH:14
DA:8,6
DA:9,6
DA:10,6
DA:11,6
DA:12,6
DA:13,6
DA:15,1
DA:16,1
DA:17,1
DA:19,1
DA:20,1
DA:21,1
DA:22,1
DA:23,1
DA:24,1
DA:25,1
DA:26,1
DA:27,1
DA:29,1
DA:30,1
DA:31,1
DA:32,1
DA:33,1
DA:34,1
DA:35,1
DA:36,1
DA:37,1
DA:39,1
DA:40,1
DA:41,1
DA:42,1
DA:43,1
DA:44,1
DA:45,1
DA:46,1
DA:47,1
DA:48,1
DA:49,1
DA:51,1
DA:52,1
DA:53,1
DA:54,1
DA:55,1
DA:56,1
DA:57,1
DA:58,1
DA:59,1
DA:60,1
DA:61,1
DA:62,1
DA:64,1
DA:65,1
DA:66,1
DA:67,1
DA:68,1
DA:69,1
DA:70,1
DA:71,1
DA:72,1
DA:73,1
DA:76,1
DA:77,1
DA:78,1
DA:79,1
DA:80,1
DA:81,1
DA:82,1
DA:83,1
DA:84,1
DA:85,1
DA:86,1
DA:87,1
DA:88,1
DA:89,1
DA:90,1
DA:91,1
DA:92,1
DA:94,1
DA:95,1
DA:96,1
DA:97,1
DA:98,1
DA:99,1
DA:100,1
DA:101,1
DA:102,1
DA:103,1
DA:104,1
DA:105,1
DA:106,1
DA:107,1
DA:108,1
DA:109,1
DA:110,1
DA:111,1
DA:115,1
DA:116,1
DA:117,1
DA:118,1
DA:119,1
DA:121,1
DA:122,1
DA:123,1
DA:124,1
DA:125,1
DA:126,1
DA:127,1
DA:128,1
DA:129,1
DA:130,1
DA:131,1
DA:132,1
DA:133,1
DA:134,1
DA:135,1
DA:136,1
DA:138,1
DA:139,1
DA:140,1
DA:141,1
DA:142,1
DA:143,1
DA:144,1
DA:145,1
DA:146,1
DA:147,1
DA:148,1
DA:149,1
DA:153,1
DA:154,1
DA:155,1
DA:156,1
DA:157,1
DA:158,1
DA:159,1
DA:160,1
DA:161,1
DA:162,2
DA:163,2
DA:164,2
DA:165,1
DA:166,1
DA:167,1
DA:168,2
DA:169,2
DA:170,2
DA:171,1
BRF:0
BRH:0
LF:150
LH:150
end_of_record
SF:/Users/maartene/Developer/Swift Programming/DCJam2025/Tests/DCJam2025Tests/VizualizationTests.swift
FN:36,$s14DCJam2025Tests035ConversionGameLogicAndVizualizationB0V017convertingBetweende8Positionf8RotationfG08testcasey5Model10CoordinateV8position_So7Vector3V08expectedJ0t_tF
FN:64,$s14DCJam2025Tests035ConversionGameLogicAndVizualizationB0V017convertingBetweendE28CreatesCorrectTargetPosition8testcasey5Model10CoordinateV8position_AF16CompassDirectionO7headingAH08expectedlM0t_tF
FN:80,$s14DCJam2025Tests035ConversionGameLogicAndVizualizationB0V23multiplyColorWithScalar8testcaseySo0I0V5color_Sf6scalarAG08expectedI0t_tF
FN:87,$s14DCJam2025Tests035ConversionGameLogicAndVizualizationB0V34multiplyingColorDoesNotChangeAlphayyF
FN:103,$s14DCJam2025Tests035ConversionGameLogicAndVizualizationB0V19determineHPBarColor8testcaseySi9currentHP_Si03maxM0So0J0V08expectedJ0t_tF
FN:113,$s14DCJam2025Tests18MinimapConversionsV31spriteAndScreenPositionForTiles8testcasey5Model10CoordinateV8position_s5Int32V7xOffsetAK01yP0SS18expectedSpriteNameSo7Vector2V0qG0t_tF
FN:137,$s14DCJam2025Tests18MinimapConversionsV31spriteAndScreenPositionForParty8testcasey5Model10CoordinateV8position_AF16CompassDirectionO7headings5Int32V7xOffsetAN01yS0SS18expectedSpriteNameSo7Vector2V0tG0t_tF
FN:150,$s14DCJam2025Tests18MinimapConversionsV18miniMapToDrawablesyyF
FN:178,$s14DCJam2025Tests013MapConversionB0V24convertAMapIntoDrawablesyyF
FN:214,$s14DCJam2025Tests013MapConversionB0V25convertEnemyIntoDrawablesyyF
FNDA:20,$s14DCJam2025Tests035ConversionGameLogicAndVizualizationB0V017convertingBetweende8Positionf8RotationfG08testcasey5Model10CoordinateV8position_So7Vector3V08expectedJ0t_tF
FNDA:20,$s14DCJam2025Tests035ConversionGameLogicAndVizualizationB0V017convertingBetweendE28CreatesCorrectTargetPosition8testcasey5Model10CoordinateV8position_AF16CompassDirectionO7headingAH08expectedlM0t_tF
FNDA:11,$s14DCJam2025Tests035ConversionGameLogicAndVizualizationB0V23multiplyColorWithScalar8testcaseySo0I0V5color_Sf6scalarAG08expectedI0t_tF
FNDA:1,$s14DCJam2025Tests035ConversionGameLogicAndVizualizationB0V34multiplyingColorDoesNotChangeAlphayyF
FNDA:10,$s14DCJam2025Tests035ConversionGameLogicAndVizualizationB0V19determineHPBarColor8testcaseySi9currentHP_Si03maxM0So0J0V08expectedJ0t_tF
FNDA:3,$s14DCJam2025Tests18MinimapConversionsV31spriteAndScreenPositionForTiles8testcasey5Model10CoordinateV8position_s5Int32V7xOffsetAK01yP0SS18expectedSpriteNameSo7Vector2V0qG0t_tF
FNDA:4,$s14DCJam2025Tests18MinimapConversionsV31spriteAndScreenPositionForParty8testcasey5Model10CoordinateV8position_AF16CompassDirectionO7headings5Int32V7xOffsetAN01yS0SS18expectedSpriteNameSo7Vector2V0tG0t_tF
FNDA:1,$s14DCJam2025Tests18MinimapConversionsV18miniMapToDrawablesyyF
FNDA:1,$s14DCJam2025Tests013MapConversionB0V24convertAMapIntoDrawablesyyF
FNDA:1,$s14DCJam2025Tests013MapConversionB0V25convertEnemyIntoDrawablesyyF
FNF:10
FNH:10
DA:36,20
DA:37,20
DA:38,20
DA:39,20
DA:40,20
DA:64,20
DA:65,20
DA:66,20
DA:80,11
DA:81,11
DA:82,11
DA:83,11
DA:84,11
DA:85,11
DA:87,1
DA:88,1
DA:89,1
DA:90,1
DA:103,10
DA:104,10
DA:105,10
DA:113,3
DA:114,3
DA:115,3
DA:116,3
DA:117,3
DA:118,3
DA:119,3
DA:120,3
DA:121,3
DA:122,3
DA:123,3
DA:124,3
DA:125,3
DA:126,3
DA:127,3
DA:128,3
DA:129,3
DA:130,3
DA:137,4
DA:138,4
DA:139,4
DA:140,4
DA:141,4
DA:142,4
DA:143,4
DA:144,4
DA:145,4
DA:146,4
DA:147,4
DA:148,4
DA:150,1
DA:151,1
DA:152,1
DA:153,1
DA:154,1
DA:155,1
DA:156,1
DA:157,1
DA:158,1
DA:159,1
DA:160,1
DA:161,1
DA:162,1
DA:163,1
DA:164,1
DA:165,1
DA:166,1
DA:167,1
DA:168,1
DA:169,1
DA:170,1
DA:171,11
DA:172,11
DA:173,11
DA:174,1
DA:178,1
DA:179,1
DA:180,1
DA:181,1
DA:182,1
DA:183,1
DA:184,1
DA:185,1
DA:186,1
DA:187,1
DA:188,1
DA:189,1
DA:190,1
DA:191,1
DA:192,1
DA:193,1
DA:194,1
DA:195,1
DA:196,1
DA:197,1
DA:198,1
DA:199,1
DA:200,1
DA:201,1
DA:202,1
DA:203,1
DA:204,1
DA:205,1
DA:206,1
DA:207,1
DA:208,1
DA:209,18
DA:210,18
DA:211,18
DA:212,1
DA:214,1
DA:215,1
DA:216,1
DA:217,1
DA:218,1
DA:219,1
DA:220,1
DA:221,1
DA:222,1
BRF:0
BRH:0
LF:120
LH:120
end_of_record
SF:/Users/maartene/Developer/Swift Programming/DCJam2025/Tests/DCJam2025Tests/WinConditionTests.swift
FN:13,$s14DCJam2025Tests012WinConditionB0V15worldWithTarget5Model5WorldCvpfi
FN:17,$s14DCJam2025Tests012WinConditionB0V7newGameyyF
FN:23,$s14DCJam2025Tests012WinConditionB0V7wonGameyyF
FN:29,$s14DCJam2025Tests012WinConditionB0V34winningGameMakesMovementImpossibleyyF
FN:36,$s14DCJam2025Tests012WinConditionB0V34winningGameMakesRotationImpossibleyyF
FNDA:4,$s14DCJam2025Tests012WinConditionB0V15worldWithTarget5Model5WorldCvpfi
FNDA:1,$s14DCJam2025Tests012WinConditionB0V7newGameyyF
FNDA:1,$s14DCJam2025Tests012WinConditionB0V7wonGameyyF
FNDA:1,$s14DCJam2025Tests012WinConditionB0V34winningGameMakesMovementImpossibleyyF
FNDA:1,$s14DCJam2025Tests012WinConditionB0V34winningGameMakesRotationImpossibleyyF
FNF:5
FNH:5
DA:13,4
DA:14,4
DA:15,4
DA:17,1
DA:18,1
DA:19,1
DA:20,1
DA:21,1
DA:23,1
DA:24,1
DA:25,1
DA:26,1
DA:27,1
DA:29,1
DA:30,1
DA:31,1
DA:32,1
DA:33,1
DA:34,1
DA:36,1
DA:37,1
DA:38,1
DA:39,1
DA:40,1
DA:41,1
BRF:0
BRH:0
LF:25
LH:25
end_of_record
